<?xml version="1.0" encoding="UTF-8"?>
<!-- Generated by org.testng.reporters.JUnitXMLReporter -->
<testsuite ignored="6" hostname="LAPTOP-RINO93FS" failures="0" tests="1" name="Default test" time="16.691" errors="0" timestamp="2026-02-10T01:27:33 IST">
  <testcase classname="test.DashboardTest" name="testChangePasswordNavigation" time="13.064"/>
  <testcase classname="test.DashboardTest" name="testBackButtonAfterLogout" time="0.0">
    <ignored/>
  </testcase> <!-- testBackButtonAfterLogout -->
  <testcase classname="test.DashboardTest" name="testSearchNavigation" time="0.0">
    <ignored/>
  </testcase> <!-- testSearchNavigation -->
  <testcase classname="test.DashboardTest" name="testRefreshKeepsUserLoggedIn" time="0.0">
    <ignored/>
  </testcase> <!-- testRefreshKeepsUserLoggedIn -->
  <testcase classname="test.DashboardTest" name="testSupportOptionNavigation" time="0.0">
    <ignored/>
  </testcase> <!-- testSupportOptionNavigation -->
  <testcase classname="test.DashboardTest" name="testProfileDropdownOptions" time="0.0">
    <ignored/>
  </testcase> <!-- testProfileDropdownOptions -->
  <testcase classname="test.DashboardTest" name="testLogoutFunctionality" time="0.0">
    <ignored/>
  </testcase> <!-- testLogoutFunctionality -->
</testsuite> <!-- Default test -->
