<?xml version="1.0" encoding="UTF-8"?>
<testng-results ignored="0" total="23" passed="23" failed="0" skipped="0">
  <reporter-output>
  </reporter-output>
  <suite started-at="2026-02-10T01:27:44 IST" name="TestSuite" finished-at="2026-02-10T01:29:39 IST" duration-ms="115205">
    <groups>
    </groups>
    <test started-at="2026-02-10T01:27:44 IST" name="LoginTests" finished-at="2026-02-10T01:29:39 IST" duration-ms="115205">
      <class name="test.DashboardTest">
        <test-method is-config="true" signature="setup(org.testng.ITestResult)[pri:0, instance:test.DashboardTest@7ca20101]" started-at="2026-02-10T01:27:44 IST" name="setup" finished-at="2026-02-10T01:27:46 IST" duration-ms="2035" status="PASS">
          <params>
            <param index="0">
              <value>
                <![CDATA[[TestResult name={null} status=CREATED method=DashboardTest.testSearchNavigation()[pri:1, instance:test.DashboardTest@7ca20101] output={null}]]]>
              </value>
            </param>
          </params>
          <reporter-output>
          </reporter-output>
        </test-method> <!-- setup -->
        <test-method signature="testSearchNavigation()[pri:1, instance:test.DashboardTest@7ca20101]" started-at="2026-02-10T01:27:46 IST" name="testSearchNavigation" finished-at="2026-02-10T01:28:05 IST" duration-ms="18950" status="PASS">
          <reporter-output>
          </reporter-output>
        </test-method> <!-- testSearchNavigation -->
        <test-method is-config="true" signature="tearDown(org.testng.ITestResult)[pri:0, instance:test.DashboardTest@7ca20101]" started-at="2026-02-10T01:28:05 IST" name="tearDown" finished-at="2026-02-10T01:28:05 IST" duration-ms="216" status="PASS">
          <params>
            <param index="0">
              <value>
                <![CDATA[[TestResult name=testSearchNavigation status=SUCCESS method=DashboardTest.testSearchNavigation()[pri:1, instance:test.DashboardTest@7ca20101] output={null}]]]>
              </value>
            </param>
          </params>
          <reporter-output>
          </reporter-output>
        </test-method> <!-- tearDown -->
        <test-method is-config="true" signature="setup(org.testng.ITestResult)[pri:0, instance:test.DashboardTest@7ca20101]" started-at="2026-02-10T01:28:05 IST" name="setup" finished-at="2026-02-10T01:28:06 IST" duration-ms="810" status="PASS">
          <params>
            <param index="0">
              <value>
                <![CDATA[[TestResult name={null} status=CREATED method=DashboardTest.testProfileDropdownOptions()[pri:2, instance:test.DashboardTest@7ca20101] output={null}]]]>
              </value>
            </param>
          </params>
          <reporter-output>
          </reporter-output>
        </test-method> <!-- setup -->
        <test-method signature="testProfileDropdownOptions()[pri:2, instance:test.DashboardTest@7ca20101]" started-at="2026-02-10T01:28:06 IST" name="testProfileDropdownOptions" finished-at="2026-02-10T01:28:17 IST" duration-ms="11415" status="PASS">
          <reporter-output>
          </reporter-output>
        </test-method> <!-- testProfileDropdownOptions -->
        <test-method is-config="true" signature="setup(org.testng.ITestResult)[pri:0, instance:test.DashboardTest@7ca20101]" started-at="2026-02-10T01:28:09 IST" name="setup" finished-at="2026-02-10T01:28:10 IST" duration-ms="1320" status="PASS">
          <params>
            <param index="0">
              <value>
                <![CDATA[[TestResult name={null} status=CREATED method=DashboardTest.testLogoutFunctionality()[pri:3, instance:test.DashboardTest@7ca20101] output={null}]]]>
              </value>
            </param>
          </params>
          <reporter-output>
          </reporter-output>
        </test-method> <!-- setup -->
        <test-method signature="testLogoutFunctionality()[pri:3, instance:test.DashboardTest@7ca20101]" started-at="2026-02-10T01:28:10 IST" name="testLogoutFunctionality" finished-at="2026-02-10T01:28:28 IST" duration-ms="18410" status="PASS">
          <reporter-output>
          </reporter-output>
        </test-method> <!-- testLogoutFunctionality -->
        <test-method is-config="true" signature="tearDown(org.testng.ITestResult)[pri:0, instance:test.DashboardTest@7ca20101]" started-at="2026-02-10T01:28:17 IST" name="tearDown" finished-at="2026-02-10T01:28:17 IST" duration-ms="173" status="PASS">
          <params>
            <param index="0">
              <value>
                <![CDATA[[TestResult name=testProfileDropdownOptions status=SUCCESS method=DashboardTest.testProfileDropdownOptions()[pri:2, instance:test.DashboardTest@7ca20101] output={null}]]]>
              </value>
            </param>
          </params>
          <reporter-output>
          </reporter-output>
        </test-method> <!-- tearDown -->
        <test-method is-config="true" signature="setup(org.testng.ITestResult)[pri:0, instance:test.DashboardTest@7ca20101]" started-at="2026-02-10T01:28:19 IST" name="setup" finished-at="2026-02-10T01:28:20 IST" duration-ms="995" status="PASS">
          <params>
            <param index="0">
              <value>
                <![CDATA[[TestResult name={null} status=CREATED method=DashboardTest.testChangePasswordNavigation()[pri:4, instance:test.DashboardTest@7ca20101] output={null}]]]>
              </value>
            </param>
          </params>
          <reporter-output>
          </reporter-output>
        </test-method> <!-- setup -->
        <test-method signature="testChangePasswordNavigation()[pri:4, instance:test.DashboardTest@7ca20101]" started-at="2026-02-10T01:28:20 IST" name="testChangePasswordNavigation" finished-at="2026-02-10T01:28:39 IST" duration-ms="19240" status="PASS">
          <reporter-output>
          </reporter-output>
        </test-method> <!-- testChangePasswordNavigation -->
        <test-method is-config="true" signature="tearDown(org.testng.ITestResult)[pri:0, instance:test.DashboardTest@7ca20101]" started-at="2026-02-10T01:28:28 IST" name="tearDown" finished-at="2026-02-10T01:28:28 IST" duration-ms="170" status="PASS">
          <params>
            <param index="0">
              <value>
                <![CDATA[[TestResult name=testLogoutFunctionality status=SUCCESS method=DashboardTest.testLogoutFunctionality()[pri:3, instance:test.DashboardTest@7ca20101] output={null}]]]>
              </value>
            </param>
          </params>
          <reporter-output>
          </reporter-output>
        </test-method> <!-- tearDown -->
        <test-method is-config="true" signature="tearDown(org.testng.ITestResult)[pri:0, instance:test.DashboardTest@7ca20101]" started-at="2026-02-10T01:28:39 IST" name="tearDown" finished-at="2026-02-10T01:28:39 IST" duration-ms="178" status="PASS">
          <params>
            <param index="0">
              <value>
                <![CDATA[[TestResult name=testChangePasswordNavigation status=SUCCESS method=DashboardTest.testChangePasswordNavigation()[pri:4, instance:test.DashboardTest@7ca20101] output={null}]]]>
              </value>
            </param>
          </params>
          <reporter-output>
          </reporter-output>
        </test-method> <!-- tearDown -->
        <test-method is-config="true" signature="setup(org.testng.ITestResult)[pri:0, instance:test.DashboardTest@7ca20101]" started-at="2026-02-10T01:28:40 IST" name="setup" finished-at="2026-02-10T01:28:41 IST" duration-ms="1003" status="PASS">
          <params>
            <param index="0">
              <value>
                <![CDATA[[TestResult name={null} status=CREATED method=DashboardTest.testSupportOptionNavigation()[pri:5, instance:test.DashboardTest@7ca20101] output={null}]]]>
              </value>
            </param>
          </params>
          <reporter-output>
          </reporter-output>
        </test-method> <!-- setup -->
        <test-method signature="testSupportOptionNavigation()[pri:5, instance:test.DashboardTest@7ca20101]" started-at="2026-02-10T01:28:41 IST" name="testSupportOptionNavigation" finished-at="2026-02-10T01:29:05 IST" duration-ms="24282" status="PASS">
          <reporter-output>
          </reporter-output>
        </test-method> <!-- testSupportOptionNavigation -->
        <test-method is-config="true" signature="setup(org.testng.ITestResult)[pri:0, instance:test.DashboardTest@7ca20101]" started-at="2026-02-10T01:28:44 IST" name="setup" finished-at="2026-02-10T01:28:45 IST" duration-ms="879" status="PASS">
          <params>
            <param index="0">
              <value>
                <![CDATA[[TestResult name={null} status=CREATED method=DashboardTest.testBackButtonAfterLogout()[pri:6, instance:test.DashboardTest@7ca20101] output={null}]]]>
              </value>
            </param>
          </params>
          <reporter-output>
          </reporter-output>
        </test-method> <!-- setup -->
        <test-method signature="testBackButtonAfterLogout()[pri:6, instance:test.DashboardTest@7ca20101]" started-at="2026-02-10T01:28:45 IST" name="testBackButtonAfterLogout" finished-at="2026-02-10T01:29:10 IST" duration-ms="24808" status="PASS">
          <reporter-output>
          </reporter-output>
        </test-method> <!-- testBackButtonAfterLogout -->
        <test-method is-config="true" signature="tearDown(org.testng.ITestResult)[pri:0, instance:test.DashboardTest@7ca20101]" started-at="2026-02-10T01:29:05 IST" name="tearDown" finished-at="2026-02-10T01:29:06 IST" duration-ms="556" status="PASS">
          <params>
            <param index="0">
              <value>
                <![CDATA[[TestResult name=testSupportOptionNavigation status=SUCCESS method=DashboardTest.testSupportOptionNavigation()[pri:5, instance:test.DashboardTest@7ca20101] output={null}]]]>
              </value>
            </param>
          </params>
          <reporter-output>
          </reporter-output>
        </test-method> <!-- tearDown -->
        <test-method is-config="true" signature="setup(org.testng.ITestResult)[pri:0, instance:test.DashboardTest@7ca20101]" started-at="2026-02-10T01:29:06 IST" name="setup" finished-at="2026-02-10T01:29:07 IST" duration-ms="1290" status="PASS">
          <params>
            <param index="0">
              <value>
                <![CDATA[[TestResult name={null} status=CREATED method=DashboardTest.testRefreshKeepsUserLoggedIn()[pri:7, instance:test.DashboardTest@7ca20101] output={null}]]]>
              </value>
            </param>
          </params>
          <reporter-output>
          </reporter-output>
        </test-method> <!-- setup -->
        <test-method signature="testRefreshKeepsUserLoggedIn()[pri:7, instance:test.DashboardTest@7ca20101]" started-at="2026-02-10T01:29:07 IST" name="testRefreshKeepsUserLoggedIn" finished-at="2026-02-10T01:29:33 IST" duration-ms="26195" status="PASS">
          <reporter-output>
          </reporter-output>
        </test-method> <!-- testRefreshKeepsUserLoggedIn -->
        <test-method is-config="true" signature="tearDown(org.testng.ITestResult)[pri:0, instance:test.DashboardTest@7ca20101]" started-at="2026-02-10T01:29:10 IST" name="tearDown" finished-at="2026-02-10T01:29:10 IST" duration-ms="218" status="PASS">
          <params>
            <param index="0">
              <value>
                <![CDATA[[TestResult name=testBackButtonAfterLogout status=SUCCESS method=DashboardTest.testBackButtonAfterLogout()[pri:6, instance:test.DashboardTest@7ca20101] output={null}]]]>
              </value>
            </param>
          </params>
          <reporter-output>
          </reporter-output>
        </test-method> <!-- tearDown -->
        <test-method is-config="true" signature="tearDown(org.testng.ITestResult)[pri:0, instance:test.DashboardTest@7ca20101]" started-at="2026-02-10T01:29:33 IST" name="tearDown" finished-at="2026-02-10T01:29:34 IST" duration-ms="183" status="PASS">
          <params>
            <param index="0">
              <value>
                <![CDATA[[TestResult name=testRefreshKeepsUserLoggedIn status=SUCCESS method=DashboardTest.testRefreshKeepsUserLoggedIn()[pri:7, instance:test.DashboardTest@7ca20101] output={null}]]]>
              </value>
            </param>
          </params>
          <reporter-output>
          </reporter-output>
        </test-method> <!-- tearDown -->
      </class> <!-- test.DashboardTest -->
      <class name="test.LoginTest">
        <test-method is-config="true" signature="setupReport()[pri:0, instance:test.LoginTest@8ad6665]" started-at="2026-02-10T01:27:43 IST" name="setupReport" finished-at="2026-02-10T01:27:44 IST" duration-ms="199" status="PASS">
          <reporter-output>
          </reporter-output>
        </test-method> <!-- setupReport -->
        <test-method is-config="true" signature="setup(org.testng.ITestResult)[pri:0, instance:test.LoginTest@8ad6665]" started-at="2026-02-10T01:27:44 IST" name="setup" finished-at="2026-02-10T01:27:46 IST" duration-ms="2035" status="PASS">
          <params>
            <param index="0">
              <value>
                <![CDATA[[TestResult name={null} status=CREATED method=LoginTest.testValidLogin_XMLParameters(java.lang.String,java.lang.String)[pri:1, instance:test.LoginTest@8ad6665] output={null}]]]>
              </value>
            </param>
          </params>
          <reporter-output>
          </reporter-output>
        </test-method> <!-- setup -->
        <test-method is-config="true" signature="resetToLoginPage()[pri:0, instance:test.LoginTest@8ad6665]" started-at="2026-02-10T01:27:46 IST" name="resetToLoginPage" finished-at="2026-02-10T01:27:52 IST" duration-ms="6180" status="PASS">
          <reporter-output>
          </reporter-output>
        </test-method> <!-- resetToLoginPage -->
        <test-method signature="testValidLogin_XMLParameters(java.lang.String,java.lang.String)[pri:1, instance:test.LoginTest@8ad6665]" started-at="2026-02-10T01:27:52 IST" name="testValidLogin_XMLParameters" finished-at="2026-02-10T01:27:55 IST" duration-ms="3135" status="PASS">
          <params>
            <param index="0">
              <value>
                <![CDATA[Admin]]>
              </value>
            </param>
            <param index="1">
              <value>
                <![CDATA[admin123]]>
              </value>
            </param>
          </params>
          <reporter-output>
          </reporter-output>
        </test-method> <!-- testValidLogin_XMLParameters -->
        <test-method is-config="true" signature="tearDown(org.testng.ITestResult)[pri:0, instance:test.LoginTest@8ad6665]" started-at="2026-02-10T01:27:55 IST" name="tearDown" finished-at="2026-02-10T01:27:55 IST" duration-ms="207" status="PASS">
          <params>
            <param index="0">
              <value>
                <![CDATA[[TestResult name=testValidLogin_XMLParameters status=SUCCESS method=LoginTest.testValidLogin_XMLParameters(java.lang.String,java.lang.String)[pri:1, instance:test.LoginTest@8ad6665] output={null}]]]>
              </value>
            </param>
          </params>
          <reporter-output>
          </reporter-output>
        </test-method> <!-- tearDown -->
        <test-method is-config="true" signature="setup(org.testng.ITestResult)[pri:0, instance:test.LoginTest@8ad6665]" started-at="2026-02-10T01:27:55 IST" name="setup" finished-at="2026-02-10T01:27:56 IST" duration-ms="1003" status="PASS">
          <params>
            <param index="0">
              <value>
                <![CDATA[[TestResult name={null} status=CREATED method=LoginTest.testLogin_InvalidUsername_ValidPassword(java.lang.String)[pri:2, instance:test.LoginTest@8ad6665] output={null}]]]>
              </value>
            </param>
          </params>
          <reporter-output>
          </reporter-output>
        </test-method> <!-- setup -->
        <test-method is-config="true" signature="resetToLoginPage()[pri:0, instance:test.LoginTest@8ad6665]" started-at="2026-02-10T01:27:56 IST" name="resetToLoginPage" finished-at="2026-02-10T01:28:05 IST" duration-ms="8439" status="PASS">
          <reporter-output>
          </reporter-output>
        </test-method> <!-- resetToLoginPage -->
        <test-method signature="testLogin_InvalidUsername_ValidPassword(java.lang.String)[pri:2, instance:test.LoginTest@8ad6665]" started-at="2026-02-10T01:28:05 IST" name="testLogin_InvalidUsername_ValidPassword" finished-at="2026-02-10T01:28:08 IST" duration-ms="3659" status="PASS">
          <params>
            <param index="0">
              <value>
                <![CDATA[admin123]]>
              </value>
            </param>
          </params>
          <reporter-output>
          </reporter-output>
        </test-method> <!-- testLogin_InvalidUsername_ValidPassword -->
        <test-method is-config="true" signature="setup(org.testng.ITestResult)[pri:0, instance:test.LoginTest@8ad6665]" started-at="2026-02-10T01:28:08 IST" name="setup" finished-at="2026-02-10T01:28:09 IST" duration-ms="1040" status="PASS">
          <params>
            <param index="0">
              <value>
                <![CDATA[[TestResult name={null} status=CREATED method=LoginTest.testLogin_ValidUsername_InvalidPassword(java.lang.String)[pri:3, instance:test.LoginTest@8ad6665] output={null}]]]>
              </value>
            </param>
          </params>
          <reporter-output>
          </reporter-output>
        </test-method> <!-- setup -->
        <test-method is-config="true" signature="tearDown(org.testng.ITestResult)[pri:0, instance:test.LoginTest@8ad6665]" started-at="2026-02-10T01:28:08 IST" name="tearDown" finished-at="2026-02-10T01:28:09 IST" duration-ms="211" status="PASS">
          <params>
            <param index="0">
              <value>
                <![CDATA[[TestResult name=testLogin_InvalidUsername_ValidPassword status=SUCCESS method=LoginTest.testLogin_InvalidUsername_ValidPassword(java.lang.String)[pri:2, instance:test.LoginTest@8ad6665] output={null}]]]>
              </value>
            </param>
          </params>
          <reporter-output>
          </reporter-output>
        </test-method> <!-- tearDown -->
        <test-method is-config="true" signature="resetToLoginPage()[pri:0, instance:test.LoginTest@8ad6665]" started-at="2026-02-10T01:28:09 IST" name="resetToLoginPage" finished-at="2026-02-10T01:28:15 IST" duration-ms="5713" status="PASS">
          <reporter-output>
          </reporter-output>
        </test-method> <!-- resetToLoginPage -->
        <test-method signature="testLogin_ValidUsername_InvalidPassword(java.lang.String)[pri:3, instance:test.LoginTest@8ad6665]" started-at="2026-02-10T01:28:15 IST" name="testLogin_ValidUsername_InvalidPassword" finished-at="2026-02-10T01:28:18 IST" duration-ms="3606" status="PASS">
          <params>
            <param index="0">
              <value>
                <![CDATA[Admin]]>
              </value>
            </param>
          </params>
          <reporter-output>
          </reporter-output>
        </test-method> <!-- testLogin_ValidUsername_InvalidPassword -->
        <test-method is-config="true" signature="tearDown(org.testng.ITestResult)[pri:0, instance:test.LoginTest@8ad6665]" started-at="2026-02-10T01:28:18 IST" name="tearDown" finished-at="2026-02-10T01:28:19 IST" duration-ms="306" status="PASS">
          <params>
            <param index="0">
              <value>
                <![CDATA[[TestResult name=testLogin_ValidUsername_InvalidPassword status=SUCCESS method=LoginTest.testLogin_ValidUsername_InvalidPassword(java.lang.String)[pri:3, instance:test.LoginTest@8ad6665] output={null}]]]>
              </value>
            </param>
          </params>
          <reporter-output>
          </reporter-output>
        </test-method> <!-- tearDown -->
        <test-method is-config="true" signature="setup(org.testng.ITestResult)[pri:0, instance:test.LoginTest@8ad6665]" started-at="2026-02-10T01:28:28 IST" name="setup" finished-at="2026-02-10T01:28:29 IST" duration-ms="811" status="PASS">
          <params>
            <param index="0">
              <value>
                <![CDATA[[TestResult name={null} status=CREATED method=LoginTest.testLogin_InvalidUsername_InvalidPassword()[pri:4, instance:test.LoginTest@8ad6665] output={null}]]]>
              </value>
            </param>
          </params>
          <reporter-output>
          </reporter-output>
        </test-method> <!-- setup -->
        <test-method is-config="true" signature="resetToLoginPage()[pri:0, instance:test.LoginTest@8ad6665]" started-at="2026-02-10T01:28:29 IST" name="resetToLoginPage" finished-at="2026-02-10T01:28:35 IST" duration-ms="6156" status="PASS">
          <reporter-output>
          </reporter-output>
        </test-method> <!-- resetToLoginPage -->
        <test-method signature="testLogin_InvalidUsername_InvalidPassword()[pri:4, instance:test.LoginTest@8ad6665]" started-at="2026-02-10T01:28:35 IST" name="testLogin_InvalidUsername_InvalidPassword" finished-at="2026-02-10T01:28:40 IST" duration-ms="4339" status="PASS">
          <reporter-output>
          </reporter-output>
        </test-method> <!-- testLogin_InvalidUsername_InvalidPassword -->
        <test-method is-config="true" signature="setup(org.testng.ITestResult)[pri:0, instance:test.LoginTest@8ad6665]" started-at="2026-02-10T01:28:36 IST" name="setup" finished-at="2026-02-10T01:28:37 IST" duration-ms="932" status="PASS">
          <params>
            <param index="0">
              <value>
                <![CDATA[[TestResult name={null} status=CREATED method=LoginTest.testLogin_EmptyUsername_EmptyPassword()[pri:5, instance:test.LoginTest@8ad6665] output={null}]]]>
              </value>
            </param>
          </params>
          <reporter-output>
          </reporter-output>
        </test-method> <!-- setup -->
        <test-method is-config="true" signature="resetToLoginPage()[pri:0, instance:test.LoginTest@8ad6665]" started-at="2026-02-10T01:28:37 IST" name="resetToLoginPage" finished-at="2026-02-10T01:28:42 IST" duration-ms="5194" status="PASS">
          <reporter-output>
          </reporter-output>
        </test-method> <!-- resetToLoginPage -->
        <test-method is-config="true" signature="tearDown(org.testng.ITestResult)[pri:0, instance:test.LoginTest@8ad6665]" started-at="2026-02-10T01:28:40 IST" name="tearDown" finished-at="2026-02-10T01:28:40 IST" duration-ms="390" status="PASS">
          <params>
            <param index="0">
              <value>
                <![CDATA[[TestResult name=testLogin_InvalidUsername_InvalidPassword status=SUCCESS method=LoginTest.testLogin_InvalidUsername_InvalidPassword()[pri:4, instance:test.LoginTest@8ad6665] output={null}]]]>
              </value>
            </param>
          </params>
          <reporter-output>
          </reporter-output>
        </test-method> <!-- tearDown -->
        <test-method signature="testLogin_EmptyUsername_EmptyPassword()[pri:5, instance:test.LoginTest@8ad6665]" started-at="2026-02-10T01:28:42 IST" name="testLogin_EmptyUsername_EmptyPassword" finished-at="2026-02-10T01:28:44 IST" duration-ms="2035" status="PASS">
          <reporter-output>
          </reporter-output>
        </test-method> <!-- testLogin_EmptyUsername_EmptyPassword -->
        <test-method is-config="true" signature="tearDown(org.testng.ITestResult)[pri:0, instance:test.LoginTest@8ad6665]" started-at="2026-02-10T01:28:44 IST" name="tearDown" finished-at="2026-02-10T01:28:44 IST" duration-ms="191" status="PASS">
          <params>
            <param index="0">
              <value>
                <![CDATA[[TestResult name=testLogin_EmptyUsername_EmptyPassword status=SUCCESS method=LoginTest.testLogin_EmptyUsername_EmptyPassword()[pri:5, instance:test.LoginTest@8ad6665] output={null}]]]>
              </value>
            </param>
          </params>
          <reporter-output>
          </reporter-output>
        </test-method> <!-- tearDown -->
        <test-method is-config="true" signature="setup(org.testng.ITestResult)[pri:0, instance:test.LoginTest@8ad6665]" started-at="2026-02-10T01:28:49 IST" name="setup" finished-at="2026-02-10T01:28:50 IST" duration-ms="858" status="PASS">
          <params>
            <param index="0">
              <value>
                <![CDATA[[TestResult name={null} status=CREATED method=LoginTest.testLogin_EmptyUsername_ValidPassword(java.lang.String)[pri:6, instance:test.LoginTest@8ad6665] output={null}]]]>
              </value>
            </param>
          </params>
          <reporter-output>
          </reporter-output>
        </test-method> <!-- setup -->
        <test-method is-config="true" signature="resetToLoginPage()[pri:0, instance:test.LoginTest@8ad6665]" started-at="2026-02-10T01:28:50 IST" name="resetToLoginPage" finished-at="2026-02-10T01:28:55 IST" duration-ms="5736" status="PASS">
          <reporter-output>
          </reporter-output>
        </test-method> <!-- resetToLoginPage -->
        <test-method signature="testLogin_EmptyUsername_ValidPassword(java.lang.String)[pri:6, instance:test.LoginTest@8ad6665]" started-at="2026-02-10T01:28:55 IST" name="testLogin_EmptyUsername_ValidPassword" finished-at="2026-02-10T01:28:57 IST" duration-ms="1836" status="PASS">
          <params>
            <param index="0">
              <value>
                <![CDATA[admin123]]>
              </value>
            </param>
          </params>
          <reporter-output>
          </reporter-output>
        </test-method> <!-- testLogin_EmptyUsername_ValidPassword -->
        <test-method is-config="true" signature="tearDown(org.testng.ITestResult)[pri:0, instance:test.LoginTest@8ad6665]" started-at="2026-02-10T01:28:57 IST" name="tearDown" finished-at="2026-02-10T01:28:57 IST" duration-ms="225" status="PASS">
          <params>
            <param index="0">
              <value>
                <![CDATA[[TestResult name=testLogin_EmptyUsername_ValidPassword status=SUCCESS method=LoginTest.testLogin_EmptyUsername_ValidPassword(java.lang.String)[pri:6, instance:test.LoginTest@8ad6665] output={null}]]]>
              </value>
            </param>
          </params>
          <reporter-output>
          </reporter-output>
        </test-method> <!-- tearDown -->
        <test-method is-config="true" signature="setup(org.testng.ITestResult)[pri:0, instance:test.LoginTest@8ad6665]" started-at="2026-02-10T01:28:57 IST" name="setup" finished-at="2026-02-10T01:28:59 IST" duration-ms="1120" status="PASS">
          <params>
            <param index="0">
              <value>
                <![CDATA[[TestResult name={null} status=CREATED method=LoginTest.testLogin_ValidUsername_EmptyPassword(java.lang.String)[pri:7, instance:test.LoginTest@8ad6665] output={null}]]]>
              </value>
            </param>
          </params>
          <reporter-output>
          </reporter-output>
        </test-method> <!-- setup -->
        <test-method is-config="true" signature="resetToLoginPage()[pri:0, instance:test.LoginTest@8ad6665]" started-at="2026-02-10T01:28:59 IST" name="resetToLoginPage" finished-at="2026-02-10T01:29:13 IST" duration-ms="14098" status="PASS">
          <reporter-output>
          </reporter-output>
        </test-method> <!-- resetToLoginPage -->
        <test-method is-config="true" signature="setup(org.testng.ITestResult)[pri:0, instance:test.LoginTest@8ad6665]" started-at="2026-02-10T01:29:10 IST" name="setup" finished-at="2026-02-10T01:29:11 IST" duration-ms="845" status="PASS">
          <params>
            <param index="0">
              <value>
                <![CDATA[[TestResult name={null} status=CREATED method=LoginTest.testVerifyPasswordIsMasked()[pri:8, instance:test.LoginTest@8ad6665] output={null}]]]>
              </value>
            </param>
          </params>
          <reporter-output>
          </reporter-output>
        </test-method> <!-- setup -->
        <test-method is-config="true" signature="resetToLoginPage()[pri:0, instance:test.LoginTest@8ad6665]" started-at="2026-02-10T01:29:11 IST" name="resetToLoginPage" finished-at="2026-02-10T01:29:19 IST" duration-ms="7994" status="PASS">
          <reporter-output>
          </reporter-output>
        </test-method> <!-- resetToLoginPage -->
        <test-method signature="testLogin_ValidUsername_EmptyPassword(java.lang.String)[pri:7, instance:test.LoginTest@8ad6665]" started-at="2026-02-10T01:29:13 IST" name="testLogin_ValidUsername_EmptyPassword" finished-at="2026-02-10T01:29:15 IST" duration-ms="2356" status="PASS">
          <params>
            <param index="0">
              <value>
                <![CDATA[Admin]]>
              </value>
            </param>
          </params>
          <reporter-output>
          </reporter-output>
        </test-method> <!-- testLogin_ValidUsername_EmptyPassword -->
        <test-method is-config="true" signature="tearDown(org.testng.ITestResult)[pri:0, instance:test.LoginTest@8ad6665]" started-at="2026-02-10T01:29:15 IST" name="tearDown" finished-at="2026-02-10T01:29:15 IST" duration-ms="201" status="PASS">
          <params>
            <param index="0">
              <value>
                <![CDATA[[TestResult name=testLogin_ValidUsername_EmptyPassword status=SUCCESS method=LoginTest.testLogin_ValidUsername_EmptyPassword(java.lang.String)[pri:7, instance:test.LoginTest@8ad6665] output={null}]]]>
              </value>
            </param>
          </params>
          <reporter-output>
          </reporter-output>
        </test-method> <!-- tearDown -->
        <test-method is-config="true" signature="setup(org.testng.ITestResult)[pri:0, instance:test.LoginTest@8ad6665]" started-at="2026-02-10T01:29:15 IST" name="setup" finished-at="2026-02-10T01:29:16 IST" duration-ms="840" status="PASS">
          <params>
            <param index="0">
              <value>
                <![CDATA[[TestResult name={null} status=CREATED method=LoginTest.testForgotPasswordLinkWorks()[pri:9, instance:test.LoginTest@8ad6665] output={null}]]]>
              </value>
            </param>
          </params>
          <reporter-output>
          </reporter-output>
        </test-method> <!-- setup -->
        <test-method is-config="true" signature="resetToLoginPage()[pri:0, instance:test.LoginTest@8ad6665]" started-at="2026-02-10T01:29:16 IST" name="resetToLoginPage" finished-at="2026-02-10T01:29:22 IST" duration-ms="5650" status="PASS">
          <reporter-output>
          </reporter-output>
        </test-method> <!-- resetToLoginPage -->
        <test-method signature="testVerifyPasswordIsMasked()[pri:8, instance:test.LoginTest@8ad6665]" started-at="2026-02-10T01:29:19 IST" name="testVerifyPasswordIsMasked" finished-at="2026-02-10T01:29:21 IST" duration-ms="2292" status="PASS">
          <reporter-output>
          </reporter-output>
        </test-method> <!-- testVerifyPasswordIsMasked -->
        <test-method is-config="true" signature="tearDown(org.testng.ITestResult)[pri:0, instance:test.LoginTest@8ad6665]" started-at="2026-02-10T01:29:21 IST" name="tearDown" finished-at="2026-02-10T01:29:22 IST" duration-ms="218" status="PASS">
          <params>
            <param index="0">
              <value>
                <![CDATA[[TestResult name=testVerifyPasswordIsMasked status=SUCCESS method=LoginTest.testVerifyPasswordIsMasked()[pri:8, instance:test.LoginTest@8ad6665] output={null}]]]>
              </value>
            </param>
          </params>
          <reporter-output>
          </reporter-output>
        </test-method> <!-- tearDown -->
        <test-method is-config="true" signature="setup(org.testng.ITestResult)[pri:0, instance:test.LoginTest@8ad6665]" started-at="2026-02-10T01:29:22 IST" name="setup" finished-at="2026-02-10T01:29:22 IST" duration-ms="841" status="PASS">
          <params>
            <param index="0">
              <value>
                <![CDATA[[TestResult name={null} status=CREATED method=LoginTest.testLoginUsingEnterKey(java.lang.String,java.lang.String)[pri:10, instance:test.LoginTest@8ad6665] output={null}]]]>
              </value>
            </param>
          </params>
          <reporter-output>
          </reporter-output>
        </test-method> <!-- setup -->
        <test-method signature="testForgotPasswordLinkWorks()[pri:9, instance:test.LoginTest@8ad6665]" started-at="2026-02-10T01:29:22 IST" name="testForgotPasswordLinkWorks" finished-at="2026-02-10T01:29:24 IST" duration-ms="2556" status="PASS">
          <reporter-output>
          </reporter-output>
        </test-method> <!-- testForgotPasswordLinkWorks -->
        <test-method is-config="true" signature="resetToLoginPage()[pri:0, instance:test.LoginTest@8ad6665]" started-at="2026-02-10T01:29:22 IST" name="resetToLoginPage" finished-at="2026-02-10T01:29:34 IST" duration-ms="11590" status="PASS">
          <reporter-output>
          </reporter-output>
        </test-method> <!-- resetToLoginPage -->
        <test-method is-config="true" signature="tearDown(org.testng.ITestResult)[pri:0, instance:test.LoginTest@8ad6665]" started-at="2026-02-10T01:29:24 IST" name="tearDown" finished-at="2026-02-10T01:29:24 IST" duration-ms="156" status="PASS">
          <params>
            <param index="0">
              <value>
                <![CDATA[[TestResult name=testForgotPasswordLinkWorks status=SUCCESS method=LoginTest.testForgotPasswordLinkWorks()[pri:9, instance:test.LoginTest@8ad6665] output={null}]]]>
              </value>
            </param>
          </params>
          <reporter-output>
          </reporter-output>
        </test-method> <!-- tearDown -->
        <test-method is-config="true" signature="setup(org.testng.ITestResult)[pri:0, instance:test.LoginTest@8ad6665]" started-at="2026-02-10T01:29:24 IST" name="setup" finished-at="2026-02-10T01:29:25 IST" duration-ms="811" status="PASS">
          <params>
            <param index="0">
              <value>
                <![CDATA[[TestResult name={null} status=CREATED method=LoginTest.testRefreshKeepsUserOnLoginPage(java.lang.String,java.lang.String)[pri:11, instance:test.LoginTest@8ad6665] output={null}]]]>
              </value>
            </param>
          </params>
          <reporter-output>
          </reporter-output>
        </test-method> <!-- setup -->
        <test-method is-config="true" signature="resetToLoginPage()[pri:0, instance:test.LoginTest@8ad6665]" started-at="2026-02-10T01:29:25 IST" name="resetToLoginPage" finished-at="2026-02-10T01:29:36 IST" duration-ms="10849" status="PASS">
          <reporter-output>
          </reporter-output>
        </test-method> <!-- resetToLoginPage -->
        <test-method signature="testLoginUsingEnterKey(java.lang.String,java.lang.String)[pri:10, instance:test.LoginTest@8ad6665]" started-at="2026-02-10T01:29:34 IST" name="testLoginUsingEnterKey" finished-at="2026-02-10T01:29:38 IST" duration-ms="3550" status="PASS">
          <params>
            <param index="0">
              <value>
                <![CDATA[Admin]]>
              </value>
            </param>
            <param index="1">
              <value>
                <![CDATA[admin123]]>
              </value>
            </param>
          </params>
          <reporter-output>
          </reporter-output>
        </test-method> <!-- testLoginUsingEnterKey -->
        <test-method signature="testRefreshKeepsUserOnLoginPage(java.lang.String,java.lang.String)[pri:11, instance:test.LoginTest@8ad6665]" started-at="2026-02-10T01:29:36 IST" name="testRefreshKeepsUserOnLoginPage" finished-at="2026-02-10T01:29:39 IST" duration-ms="2611" status="PASS">
          <params>
            <param index="0">
              <value>
                <![CDATA[Admin]]>
              </value>
            </param>
            <param index="1">
              <value>
                <![CDATA[admin123]]>
              </value>
            </param>
          </params>
          <reporter-output>
          </reporter-output>
        </test-method> <!-- testRefreshKeepsUserOnLoginPage -->
        <test-method is-config="true" signature="tearDown(org.testng.ITestResult)[pri:0, instance:test.LoginTest@8ad6665]" started-at="2026-02-10T01:29:38 IST" name="tearDown" finished-at="2026-02-10T01:29:38 IST" duration-ms="163" status="PASS">
          <params>
            <param index="0">
              <value>
                <![CDATA[[TestResult name=testLoginUsingEnterKey status=SUCCESS method=LoginTest.testLoginUsingEnterKey(java.lang.String,java.lang.String)[pri:10, instance:test.LoginTest@8ad6665] output={null}]]]>
              </value>
            </param>
          </params>
          <reporter-output>
          </reporter-output>
        </test-method> <!-- tearDown -->
        <test-method is-config="true" signature="tearDown(org.testng.ITestResult)[pri:0, instance:test.LoginTest@8ad6665]" started-at="2026-02-10T01:29:39 IST" name="tearDown" finished-at="2026-02-10T01:29:39 IST" duration-ms="139" status="PASS">
          <params>
            <param index="0">
              <value>
                <![CDATA[[TestResult name=testRefreshKeepsUserOnLoginPage status=SUCCESS method=LoginTest.testRefreshKeepsUserOnLoginPage(java.lang.String,java.lang.String)[pri:11, instance:test.LoginTest@8ad6665] output={null}]]]>
              </value>
            </param>
          </params>
          <reporter-output>
          </reporter-output>
        </test-method> <!-- tearDown -->
        <test-method is-config="true" signature="tearDownReport()[pri:0, instance:test.LoginTest@8ad6665]" started-at="2026-02-10T01:29:39 IST" name="tearDownReport" finished-at="2026-02-10T01:29:39 IST" duration-ms="266" status="PASS">
          <reporter-output>
          </reporter-output>
        </test-method> <!-- tearDownReport -->
      </class> <!-- test.LoginTest -->
      <class name="test.ResetPasswordTest">
        <test-method is-config="true" signature="setup(org.testng.ITestResult)[pri:0, instance:test.ResetPasswordTest@7b94089b]" started-at="2026-02-10T01:27:44 IST" name="setup" finished-at="2026-02-10T01:27:46 IST" duration-ms="2035" status="PASS">
          <params>
            <param index="0">
              <value>
                <![CDATA[[TestResult name={null} status=CREATED method=ResetPasswordTest.testResetPasswordWithEmptyUsername()[pri:1, instance:test.ResetPasswordTest@7b94089b] output={null}]]]>
              </value>
            </param>
          </params>
          <reporter-output>
          </reporter-output>
        </test-method> <!-- setup -->
        <test-method signature="testResetPasswordWithEmptyUsername()[pri:1, instance:test.ResetPasswordTest@7b94089b]" started-at="2026-02-10T01:27:46 IST" name="testResetPasswordWithEmptyUsername" finished-at="2026-02-10T01:27:55 IST" duration-ms="9312" status="PASS">
          <reporter-output>
          </reporter-output>
        </test-method> <!-- testResetPasswordWithEmptyUsername -->
        <test-method is-config="true" signature="tearDown(org.testng.ITestResult)[pri:0, instance:test.ResetPasswordTest@7b94089b]" started-at="2026-02-10T01:27:55 IST" name="tearDown" finished-at="2026-02-10T01:27:55 IST" duration-ms="195" status="PASS">
          <params>
            <param index="0">
              <value>
                <![CDATA[[TestResult name=testResetPasswordWithEmptyUsername status=SUCCESS method=ResetPasswordTest.testResetPasswordWithEmptyUsername()[pri:1, instance:test.ResetPasswordTest@7b94089b] output={null}]]]>
              </value>
            </param>
          </params>
          <reporter-output>
          </reporter-output>
        </test-method> <!-- tearDown -->
        <test-method is-config="true" signature="setup(org.testng.ITestResult)[pri:0, instance:test.ResetPasswordTest@7b94089b]" started-at="2026-02-10T01:27:55 IST" name="setup" finished-at="2026-02-10T01:27:56 IST" duration-ms="1076" status="PASS">
          <params>
            <param index="0">
              <value>
                <![CDATA[[TestResult name={null} status=CREATED method=ResetPasswordTest.testCancelButtonRedirectsToLogin()[pri:2, instance:test.ResetPasswordTest@7b94089b] output={null}]]]>
              </value>
            </param>
          </params>
          <reporter-output>
          </reporter-output>
        </test-method> <!-- setup -->
        <test-method signature="testCancelButtonRedirectsToLogin()[pri:2, instance:test.ResetPasswordTest@7b94089b]" started-at="2026-02-10T01:27:56 IST" name="testCancelButtonRedirectsToLogin" finished-at="2026-02-10T01:28:08 IST" duration-ms="11668" status="PASS">
          <reporter-output>
          </reporter-output>
        </test-method> <!-- testCancelButtonRedirectsToLogin -->
        <test-method is-config="true" signature="tearDown(org.testng.ITestResult)[pri:0, instance:test.ResetPasswordTest@7b94089b]" started-at="2026-02-10T01:28:08 IST" name="tearDown" finished-at="2026-02-10T01:28:08 IST" duration-ms="163" status="PASS">
          <params>
            <param index="0">
              <value>
                <![CDATA[[TestResult name=testCancelButtonRedirectsToLogin status=SUCCESS method=ResetPasswordTest.testCancelButtonRedirectsToLogin()[pri:2, instance:test.ResetPasswordTest@7b94089b] output={null}]]]>
              </value>
            </param>
          </params>
          <reporter-output>
          </reporter-output>
        </test-method> <!-- tearDown -->
        <test-method is-config="true" signature="setup(org.testng.ITestResult)[pri:0, instance:test.ResetPasswordTest@7b94089b]" started-at="2026-02-10T01:28:17 IST" name="setup" finished-at="2026-02-10T01:28:18 IST" duration-ms="1027" status="PASS">
          <params>
            <param index="0">
              <value>
                <![CDATA[[TestResult name={null} status=CREATED method=ResetPasswordTest.testRefreshResetsUsernameField()[pri:3, instance:test.ResetPasswordTest@7b94089b] output={null}]]]>
              </value>
            </param>
          </params>
          <reporter-output>
          </reporter-output>
        </test-method> <!-- setup -->
        <test-method signature="testRefreshResetsUsernameField()[pri:3, instance:test.ResetPasswordTest@7b94089b]" started-at="2026-02-10T01:28:18 IST" name="testRefreshResetsUsernameField" finished-at="2026-02-10T01:28:26 IST" duration-ms="8138" status="PASS">
          <reporter-output>
          </reporter-output>
        </test-method> <!-- testRefreshResetsUsernameField -->
        <test-method is-config="true" signature="tearDown(org.testng.ITestResult)[pri:0, instance:test.ResetPasswordTest@7b94089b]" started-at="2026-02-10T01:28:26 IST" name="tearDown" finished-at="2026-02-10T01:28:27 IST" duration-ms="147" status="PASS">
          <params>
            <param index="0">
              <value>
                <![CDATA[[TestResult name=testRefreshResetsUsernameField status=SUCCESS method=ResetPasswordTest.testRefreshResetsUsernameField()[pri:3, instance:test.ResetPasswordTest@7b94089b] output={null}]]]>
              </value>
            </param>
          </params>
          <reporter-output>
          </reporter-output>
        </test-method> <!-- tearDown -->
        <test-method is-config="true" signature="setup(org.testng.ITestResult)[pri:0, instance:test.ResetPasswordTest@7b94089b]" started-at="2026-02-10T01:28:27 IST" name="setup" finished-at="2026-02-10T01:28:27 IST" duration-ms="791" status="PASS">
          <params>
            <param index="0">
              <value>
                <![CDATA[[TestResult name={null} status=CREATED method=ResetPasswordTest.testDirectAccessToResetPageWithoutLogin()[pri:4, instance:test.ResetPasswordTest@7b94089b] output={null}]]]>
              </value>
            </param>
          </params>
          <reporter-output>
          </reporter-output>
        </test-method> <!-- setup -->
        <test-method signature="testDirectAccessToResetPageWithoutLogin()[pri:4, instance:test.ResetPasswordTest@7b94089b]" started-at="2026-02-10T01:28:27 IST" name="testDirectAccessToResetPageWithoutLogin" finished-at="2026-02-10T01:28:36 IST" duration-ms="8408" status="PASS">
          <reporter-output>
          </reporter-output>
        </test-method> <!-- testDirectAccessToResetPageWithoutLogin -->
        <test-method is-config="true" signature="tearDown(org.testng.ITestResult)[pri:0, instance:test.ResetPasswordTest@7b94089b]" started-at="2026-02-10T01:28:36 IST" name="tearDown" finished-at="2026-02-10T01:28:36 IST" duration-ms="171" status="PASS">
          <params>
            <param index="0">
              <value>
                <![CDATA[[TestResult name=testDirectAccessToResetPageWithoutLogin status=SUCCESS method=ResetPasswordTest.testDirectAccessToResetPageWithoutLogin()[pri:4, instance:test.ResetPasswordTest@7b94089b] output={null}]]]>
              </value>
            </param>
          </params>
          <reporter-output>
          </reporter-output>
        </test-method> <!-- tearDown -->
        <test-method is-config="true" signature="setup(org.testng.ITestResult)[pri:0, instance:test.ResetPasswordTest@7b94089b]" started-at="2026-02-10T01:28:39 IST" name="setup" finished-at="2026-02-10T01:28:40 IST" duration-ms="890" status="PASS">
          <params>
            <param index="0">
              <value>
                <![CDATA[[TestResult name={null} status=CREATED method=ResetPasswordTest.testResetPasswordRedirectsToConfirmationPage()[pri:5, instance:test.ResetPasswordTest@7b94089b] output={null}]]]>
              </value>
            </param>
          </params>
          <reporter-output>
          </reporter-output>
        </test-method> <!-- setup -->
        <test-method signature="testResetPasswordRedirectsToConfirmationPage()[pri:5, instance:test.ResetPasswordTest@7b94089b]" started-at="2026-02-10T01:28:40 IST" name="testResetPasswordRedirectsToConfirmationPage" finished-at="2026-02-10T01:28:49 IST" duration-ms="8519" status="PASS">
          <reporter-output>
          </reporter-output>
        </test-method> <!-- testResetPasswordRedirectsToConfirmationPage -->
        <test-method is-config="true" signature="tearDown(org.testng.ITestResult)[pri:0, instance:test.ResetPasswordTest@7b94089b]" started-at="2026-02-10T01:28:49 IST" name="tearDown" finished-at="2026-02-10T01:28:49 IST" duration-ms="162" status="PASS">
          <params>
            <param index="0">
              <value>
                <![CDATA[[TestResult name=testResetPasswordRedirectsToConfirmationPage status=SUCCESS method=ResetPasswordTest.testResetPasswordRedirectsToConfirmationPage()[pri:5, instance:test.ResetPasswordTest@7b94089b] output={null}]]]>
              </value>
            </param>
          </params>
          <reporter-output>
          </reporter-output>
        </test-method> <!-- tearDown -->
      </class> <!-- test.ResetPasswordTest -->
    </test> <!-- LoginTests -->
  </suite> <!-- TestSuite -->
</testng-results>
