<?xml version="1.0" encoding="UTF-8"?>
<testng-results ignored="0" total="23" passed="23" failed="0" skipped="0">
  <reporter-output>
  </reporter-output>
  <suite started-at="2026-02-07T02:42:32 IST" name="TestSuite" finished-at="2026-02-07T02:44:09 IST" duration-ms="97544">
    <groups>
    </groups>
    <test started-at="2026-02-07T02:42:32 IST" name="LoginTests" finished-at="2026-02-07T02:44:09 IST" duration-ms="97544">
      <class name="test.DashboardTest">
        <test-method is-config="true" signature="setup(org.testng.ITestResult)[pri:0, instance:test.DashboardTest@21a21c64]" started-at="2026-02-07T02:42:32 IST" name="setup" finished-at="2026-02-07T02:42:34 IST" duration-ms="2248" status="PASS">
          <params>
            <param index="0">
              <value>
                <![CDATA[[TestResult name={null} status=CREATED method=DashboardTest.testSearchNavigation()[pri:1, instance:test.DashboardTest@21a21c64] output={null}]]]>
              </value>
            </param>
          </params>
          <reporter-output>
          </reporter-output>
        </test-method> <!-- setup -->
        <test-method signature="testSearchNavigation()[pri:1, instance:test.DashboardTest@21a21c64]" started-at="2026-02-07T02:42:34 IST" name="testSearchNavigation" finished-at="2026-02-07T02:42:52 IST" duration-ms="18373" status="PASS">
          <reporter-output>
          </reporter-output>
        </test-method> <!-- testSearchNavigation -->
        <test-method is-config="true" signature="setup(org.testng.ITestResult)[pri:0, instance:test.DashboardTest@21a21c64]" started-at="2026-02-07T02:42:51 IST" name="setup" finished-at="2026-02-07T02:42:52 IST" duration-ms="1023" status="PASS">
          <params>
            <param index="0">
              <value>
                <![CDATA[[TestResult name={null} status=CREATED method=DashboardTest.testProfileDropdownOptions()[pri:2, instance:test.DashboardTest@21a21c64] output={null}]]]>
              </value>
            </param>
          </params>
          <reporter-output>
          </reporter-output>
        </test-method> <!-- setup -->
        <test-method signature="testProfileDropdownOptions()[pri:2, instance:test.DashboardTest@21a21c64]" started-at="2026-02-07T02:42:52 IST" name="testProfileDropdownOptions" finished-at="2026-02-07T02:43:02 IST" duration-ms="9501" status="PASS">
          <reporter-output>
          </reporter-output>
        </test-method> <!-- testProfileDropdownOptions -->
        <test-method is-config="true" signature="tearDown(org.testng.ITestResult)[pri:0, instance:test.DashboardTest@21a21c64]" started-at="2026-02-07T02:42:52 IST" name="tearDown" finished-at="2026-02-07T02:42:52 IST" duration-ms="161" status="PASS">
          <params>
            <param index="0">
              <value>
                <![CDATA[[TestResult name=testSearchNavigation status=SUCCESS method=DashboardTest.testSearchNavigation()[pri:1, instance:test.DashboardTest@21a21c64] output={null}]]]>
              </value>
            </param>
          </params>
          <reporter-output>
          </reporter-output>
        </test-method> <!-- tearDown -->
        <test-method is-config="true" signature="setup(org.testng.ITestResult)[pri:0, instance:test.DashboardTest@21a21c64]" started-at="2026-02-07T02:42:58 IST" name="setup" finished-at="2026-02-07T02:42:59 IST" duration-ms="997" status="PASS">
          <params>
            <param index="0">
              <value>
                <![CDATA[[TestResult name={null} status=CREATED method=DashboardTest.testLogoutFunctionality()[pri:3, instance:test.DashboardTest@21a21c64] output={null}]]]>
              </value>
            </param>
          </params>
          <reporter-output>
          </reporter-output>
        </test-method> <!-- setup -->
        <test-method signature="testLogoutFunctionality()[pri:3, instance:test.DashboardTest@21a21c64]" started-at="2026-02-07T02:42:59 IST" name="testLogoutFunctionality" finished-at="2026-02-07T02:43:11 IST" duration-ms="11878" status="PASS">
          <reporter-output>
          </reporter-output>
        </test-method> <!-- testLogoutFunctionality -->
        <test-method is-config="true" signature="tearDown(org.testng.ITestResult)[pri:0, instance:test.DashboardTest@21a21c64]" started-at="2026-02-07T02:43:02 IST" name="tearDown" finished-at="2026-02-07T02:43:02 IST" duration-ms="170" status="PASS">
          <params>
            <param index="0">
              <value>
                <![CDATA[[TestResult name=testProfileDropdownOptions status=SUCCESS method=DashboardTest.testProfileDropdownOptions()[pri:2, instance:test.DashboardTest@21a21c64] output={null}]]]>
              </value>
            </param>
          </params>
          <reporter-output>
          </reporter-output>
        </test-method> <!-- tearDown -->
        <test-method is-config="true" signature="setup(org.testng.ITestResult)[pri:0, instance:test.DashboardTest@21a21c64]" started-at="2026-02-07T02:43:10 IST" name="setup" finished-at="2026-02-07T02:43:11 IST" duration-ms="1221" status="PASS">
          <params>
            <param index="0">
              <value>
                <![CDATA[[TestResult name={null} status=CREATED method=DashboardTest.testChangePasswordNavigation()[pri:4, instance:test.DashboardTest@21a21c64] output={null}]]]>
              </value>
            </param>
          </params>
          <reporter-output>
          </reporter-output>
        </test-method> <!-- setup -->
        <test-method is-config="true" signature="tearDown(org.testng.ITestResult)[pri:0, instance:test.DashboardTest@21a21c64]" started-at="2026-02-07T02:43:11 IST" name="tearDown" finished-at="2026-02-07T02:43:11 IST" duration-ms="253" status="PASS">
          <params>
            <param index="0">
              <value>
                <![CDATA[[TestResult name=testLogoutFunctionality status=SUCCESS method=DashboardTest.testLogoutFunctionality()[pri:3, instance:test.DashboardTest@21a21c64] output={null}]]]>
              </value>
            </param>
          </params>
          <reporter-output>
          </reporter-output>
        </test-method> <!-- tearDown -->
        <test-method signature="testChangePasswordNavigation()[pri:4, instance:test.DashboardTest@21a21c64]" started-at="2026-02-07T02:43:11 IST" name="testChangePasswordNavigation" finished-at="2026-02-07T02:43:24 IST" duration-ms="12895" status="PASS">
          <reporter-output>
          </reporter-output>
        </test-method> <!-- testChangePasswordNavigation -->
        <test-method is-config="true" signature="tearDown(org.testng.ITestResult)[pri:0, instance:test.DashboardTest@21a21c64]" started-at="2026-02-07T02:43:24 IST" name="tearDown" finished-at="2026-02-07T02:43:25 IST" duration-ms="215" status="PASS">
          <params>
            <param index="0">
              <value>
                <![CDATA[[TestResult name=testChangePasswordNavigation status=SUCCESS method=DashboardTest.testChangePasswordNavigation()[pri:4, instance:test.DashboardTest@21a21c64] output={null}]]]>
              </value>
            </param>
          </params>
          <reporter-output>
          </reporter-output>
        </test-method> <!-- tearDown -->
        <test-method is-config="true" signature="setup(org.testng.ITestResult)[pri:0, instance:test.DashboardTest@21a21c64]" started-at="2026-02-07T02:43:28 IST" name="setup" finished-at="2026-02-07T02:43:30 IST" duration-ms="1826" status="PASS">
          <params>
            <param index="0">
              <value>
                <![CDATA[[TestResult name={null} status=CREATED method=DashboardTest.testSupportOptionNavigation()[pri:5, instance:test.DashboardTest@21a21c64] output={null}]]]>
              </value>
            </param>
          </params>
          <reporter-output>
          </reporter-output>
        </test-method> <!-- setup -->
        <test-method is-config="true" signature="setup(org.testng.ITestResult)[pri:0, instance:test.DashboardTest@21a21c64]" started-at="2026-02-07T02:43:29 IST" name="setup" finished-at="2026-02-07T02:43:30 IST" duration-ms="1780" status="PASS">
          <params>
            <param index="0">
              <value>
                <![CDATA[[TestResult name={null} status=CREATED method=DashboardTest.testBackButtonAfterLogout()[pri:6, instance:test.DashboardTest@21a21c64] output={null}]]]>
              </value>
            </param>
          </params>
          <reporter-output>
          </reporter-output>
        </test-method> <!-- setup -->
        <test-method signature="testSupportOptionNavigation()[pri:5, instance:test.DashboardTest@21a21c64]" started-at="2026-02-07T02:43:30 IST" name="testSupportOptionNavigation" finished-at="2026-02-07T02:43:41 IST" duration-ms="10829" status="PASS">
          <reporter-output>
          </reporter-output>
        </test-method> <!-- testSupportOptionNavigation -->
        <test-method signature="testBackButtonAfterLogout()[pri:6, instance:test.DashboardTest@21a21c64]" started-at="2026-02-07T02:43:30 IST" name="testBackButtonAfterLogout" finished-at="2026-02-07T02:43:47 IST" duration-ms="16863" status="PASS">
          <reporter-output>
          </reporter-output>
        </test-method> <!-- testBackButtonAfterLogout -->
        <test-method is-config="true" signature="tearDown(org.testng.ITestResult)[pri:0, instance:test.DashboardTest@21a21c64]" started-at="2026-02-07T02:43:41 IST" name="tearDown" finished-at="2026-02-07T02:43:41 IST" duration-ms="268" status="PASS">
          <params>
            <param index="0">
              <value>
                <![CDATA[[TestResult name=testSupportOptionNavigation status=SUCCESS method=DashboardTest.testSupportOptionNavigation()[pri:5, instance:test.DashboardTest@21a21c64] output={null}]]]>
              </value>
            </param>
          </params>
          <reporter-output>
          </reporter-output>
        </test-method> <!-- tearDown -->
        <test-method is-config="true" signature="setup(org.testng.ITestResult)[pri:0, instance:test.DashboardTest@21a21c64]" started-at="2026-02-07T02:43:44 IST" name="setup" finished-at="2026-02-07T02:43:46 IST" duration-ms="1324" status="PASS">
          <params>
            <param index="0">
              <value>
                <![CDATA[[TestResult name={null} status=CREATED method=DashboardTest.testRefreshKeepsUserLoggedIn()[pri:7, instance:test.DashboardTest@21a21c64] output={null}]]]>
              </value>
            </param>
          </params>
          <reporter-output>
          </reporter-output>
        </test-method> <!-- setup -->
        <test-method signature="testRefreshKeepsUserLoggedIn()[pri:7, instance:test.DashboardTest@21a21c64]" started-at="2026-02-07T02:43:46 IST" name="testRefreshKeepsUserLoggedIn" finished-at="2026-02-07T02:43:59 IST" duration-ms="13160" status="PASS">
          <reporter-output>
          </reporter-output>
        </test-method> <!-- testRefreshKeepsUserLoggedIn -->
        <test-method is-config="true" signature="tearDown(org.testng.ITestResult)[pri:0, instance:test.DashboardTest@21a21c64]" started-at="2026-02-07T02:43:47 IST" name="tearDown" finished-at="2026-02-07T02:43:47 IST" duration-ms="207" status="PASS">
          <params>
            <param index="0">
              <value>
                <![CDATA[[TestResult name=testBackButtonAfterLogout status=SUCCESS method=DashboardTest.testBackButtonAfterLogout()[pri:6, instance:test.DashboardTest@21a21c64] output={null}]]]>
              </value>
            </param>
          </params>
          <reporter-output>
          </reporter-output>
        </test-method> <!-- tearDown -->
        <test-method is-config="true" signature="tearDown(org.testng.ITestResult)[pri:0, instance:test.DashboardTest@21a21c64]" started-at="2026-02-07T02:43:59 IST" name="tearDown" finished-at="2026-02-07T02:43:59 IST" duration-ms="266" status="PASS">
          <params>
            <param index="0">
              <value>
                <![CDATA[[TestResult name=testRefreshKeepsUserLoggedIn status=SUCCESS method=DashboardTest.testRefreshKeepsUserLoggedIn()[pri:7, instance:test.DashboardTest@21a21c64] output={null}]]]>
              </value>
            </param>
          </params>
          <reporter-output>
          </reporter-output>
        </test-method> <!-- tearDown -->
      </class> <!-- test.DashboardTest -->
      <class name="test.LoginTest">
        <test-method is-config="true" signature="setupReport()[pri:0, instance:test.LoginTest@a87f8ec]" started-at="2026-02-07T02:42:31 IST" name="setupReport" finished-at="2026-02-07T02:42:32 IST" duration-ms="186" status="PASS">
          <reporter-output>
          </reporter-output>
        </test-method> <!-- setupReport -->
        <test-method is-config="true" signature="setup(org.testng.ITestResult)[pri:0, instance:test.LoginTest@a87f8ec]" started-at="2026-02-07T02:42:32 IST" name="setup" finished-at="2026-02-07T02:42:34 IST" duration-ms="2248" status="PASS">
          <params>
            <param index="0">
              <value>
                <![CDATA[[TestResult name={null} status=CREATED method=LoginTest.testValidLogin_XMLParameters(java.lang.String,java.lang.String)[pri:1, instance:test.LoginTest@a87f8ec] output={null}]]]>
              </value>
            </param>
          </params>
          <reporter-output>
          </reporter-output>
        </test-method> <!-- setup -->
        <test-method is-config="true" signature="resetToLoginPage()[pri:0, instance:test.LoginTest@a87f8ec]" started-at="2026-02-07T02:42:34 IST" name="resetToLoginPage" finished-at="2026-02-07T02:42:40 IST" duration-ms="5832" status="PASS">
          <reporter-output>
          </reporter-output>
        </test-method> <!-- resetToLoginPage -->
        <test-method signature="testValidLogin_XMLParameters(java.lang.String,java.lang.String)[pri:1, instance:test.LoginTest@a87f8ec]" started-at="2026-02-07T02:42:40 IST" name="testValidLogin_XMLParameters" finished-at="2026-02-07T02:42:43 IST" duration-ms="2976" status="PASS">
          <params>
            <param index="0">
              <value>
                <![CDATA[Admin]]>
              </value>
            </param>
            <param index="1">
              <value>
                <![CDATA[admin123]]>
              </value>
            </param>
          </params>
          <reporter-output>
          </reporter-output>
        </test-method> <!-- testValidLogin_XMLParameters -->
        <test-method is-config="true" signature="tearDown(org.testng.ITestResult)[pri:0, instance:test.LoginTest@a87f8ec]" started-at="2026-02-07T02:42:43 IST" name="tearDown" finished-at="2026-02-07T02:42:43 IST" duration-ms="180" status="PASS">
          <params>
            <param index="0">
              <value>
                <![CDATA[[TestResult name=testValidLogin_XMLParameters status=SUCCESS method=LoginTest.testValidLogin_XMLParameters(java.lang.String,java.lang.String)[pri:1, instance:test.LoginTest@a87f8ec] output={null}]]]>
              </value>
            </param>
          </params>
          <reporter-output>
          </reporter-output>
        </test-method> <!-- tearDown -->
        <test-method is-config="true" signature="setup(org.testng.ITestResult)[pri:0, instance:test.LoginTest@a87f8ec]" started-at="2026-02-07T02:42:48 IST" name="setup" finished-at="2026-02-07T02:42:49 IST" duration-ms="929" status="PASS">
          <params>
            <param index="0">
              <value>
                <![CDATA[[TestResult name={null} status=CREATED method=LoginTest.testLogin_InvalidUsername_ValidPassword(java.lang.String)[pri:2, instance:test.LoginTest@a87f8ec] output={null}]]]>
              </value>
            </param>
          </params>
          <reporter-output>
          </reporter-output>
        </test-method> <!-- setup -->
        <test-method is-config="true" signature="resetToLoginPage()[pri:0, instance:test.LoginTest@a87f8ec]" started-at="2026-02-07T02:42:49 IST" name="resetToLoginPage" finished-at="2026-02-07T02:42:54 IST" duration-ms="5777" status="PASS">
          <reporter-output>
          </reporter-output>
        </test-method> <!-- resetToLoginPage -->
        <test-method is-config="true" signature="setup(org.testng.ITestResult)[pri:0, instance:test.LoginTest@a87f8ec]" started-at="2026-02-07T02:42:52 IST" name="setup" finished-at="2026-02-07T02:42:53 IST" duration-ms="944" status="PASS">
          <params>
            <param index="0">
              <value>
                <![CDATA[[TestResult name={null} status=CREATED method=LoginTest.testLogin_ValidUsername_InvalidPassword(java.lang.String)[pri:3, instance:test.LoginTest@a87f8ec] output={null}]]]>
              </value>
            </param>
          </params>
          <reporter-output>
          </reporter-output>
        </test-method> <!-- setup -->
        <test-method is-config="true" signature="resetToLoginPage()[pri:0, instance:test.LoginTest@a87f8ec]" started-at="2026-02-07T02:42:53 IST" name="resetToLoginPage" finished-at="2026-02-07T02:43:08 IST" duration-ms="15005" status="PASS">
          <reporter-output>
          </reporter-output>
        </test-method> <!-- resetToLoginPage -->
        <test-method signature="testLogin_InvalidUsername_ValidPassword(java.lang.String)[pri:2, instance:test.LoginTest@a87f8ec]" started-at="2026-02-07T02:42:54 IST" name="testLogin_InvalidUsername_ValidPassword" finished-at="2026-02-07T02:42:57 IST" duration-ms="3002" status="PASS">
          <params>
            <param index="0">
              <value>
                <![CDATA[admin123]]>
              </value>
            </param>
          </params>
          <reporter-output>
          </reporter-output>
        </test-method> <!-- testLogin_InvalidUsername_ValidPassword -->
        <test-method is-config="true" signature="tearDown(org.testng.ITestResult)[pri:0, instance:test.LoginTest@a87f8ec]" started-at="2026-02-07T02:42:57 IST" name="tearDown" finished-at="2026-02-07T02:42:58 IST" duration-ms="163" status="PASS">
          <params>
            <param index="0">
              <value>
                <![CDATA[[TestResult name=testLogin_InvalidUsername_ValidPassword status=SUCCESS method=LoginTest.testLogin_InvalidUsername_ValidPassword(java.lang.String)[pri:2, instance:test.LoginTest@a87f8ec] output={null}]]]>
              </value>
            </param>
          </params>
          <reporter-output>
          </reporter-output>
        </test-method> <!-- tearDown -->
        <test-method signature="testLogin_ValidUsername_InvalidPassword(java.lang.String)[pri:3, instance:test.LoginTest@a87f8ec]" started-at="2026-02-07T02:43:08 IST" name="testLogin_ValidUsername_InvalidPassword" finished-at="2026-02-07T02:43:12 IST" duration-ms="3844" status="PASS">
          <params>
            <param index="0">
              <value>
                <![CDATA[Admin]]>
              </value>
            </param>
          </params>
          <reporter-output>
          </reporter-output>
        </test-method> <!-- testLogin_ValidUsername_InvalidPassword -->
        <test-method is-config="true" signature="tearDown(org.testng.ITestResult)[pri:0, instance:test.LoginTest@a87f8ec]" started-at="2026-02-07T02:43:12 IST" name="tearDown" finished-at="2026-02-07T02:43:13 IST" duration-ms="664" status="PASS">
          <params>
            <param index="0">
              <value>
                <![CDATA[[TestResult name=testLogin_ValidUsername_InvalidPassword status=SUCCESS method=LoginTest.testLogin_ValidUsername_InvalidPassword(java.lang.String)[pri:3, instance:test.LoginTest@a87f8ec] output={null}]]]>
              </value>
            </param>
          </params>
          <reporter-output>
          </reporter-output>
        </test-method> <!-- tearDown -->
        <test-method is-config="true" signature="setup(org.testng.ITestResult)[pri:0, instance:test.LoginTest@a87f8ec]" started-at="2026-02-07T02:43:13 IST" name="setup" finished-at="2026-02-07T02:43:14 IST" duration-ms="1244" status="PASS">
          <params>
            <param index="0">
              <value>
                <![CDATA[[TestResult name={null} status=CREATED method=LoginTest.testLogin_InvalidUsername_InvalidPassword()[pri:4, instance:test.LoginTest@a87f8ec] output={null}]]]>
              </value>
            </param>
          </params>
          <reporter-output>
          </reporter-output>
        </test-method> <!-- setup -->
        <test-method is-config="true" signature="resetToLoginPage()[pri:0, instance:test.LoginTest@a87f8ec]" started-at="2026-02-07T02:43:14 IST" name="resetToLoginPage" finished-at="2026-02-07T02:43:25 IST" duration-ms="10788" status="PASS">
          <reporter-output>
          </reporter-output>
        </test-method> <!-- resetToLoginPage -->
        <test-method is-config="true" signature="setup(org.testng.ITestResult)[pri:0, instance:test.LoginTest@a87f8ec]" started-at="2026-02-07T02:43:21 IST" name="setup" finished-at="2026-02-07T02:43:23 IST" duration-ms="1183" status="PASS">
          <params>
            <param index="0">
              <value>
                <![CDATA[[TestResult name={null} status=CREATED method=LoginTest.testLogin_EmptyUsername_EmptyPassword()[pri:5, instance:test.LoginTest@a87f8ec] output={null}]]]>
              </value>
            </param>
          </params>
          <reporter-output>
          </reporter-output>
        </test-method> <!-- setup -->
        <test-method is-config="true" signature="resetToLoginPage()[pri:0, instance:test.LoginTest@a87f8ec]" started-at="2026-02-07T02:43:23 IST" name="resetToLoginPage" finished-at="2026-02-07T02:43:27 IST" duration-ms="4745" status="PASS">
          <reporter-output>
          </reporter-output>
        </test-method> <!-- resetToLoginPage -->
        <test-method signature="testLogin_InvalidUsername_InvalidPassword()[pri:4, instance:test.LoginTest@a87f8ec]" started-at="2026-02-07T02:43:25 IST" name="testLogin_InvalidUsername_InvalidPassword" finished-at="2026-02-07T02:43:28 IST" duration-ms="3397" status="PASS">
          <reporter-output>
          </reporter-output>
        </test-method> <!-- testLogin_InvalidUsername_InvalidPassword -->
        <test-method signature="testLogin_EmptyUsername_EmptyPassword()[pri:5, instance:test.LoginTest@a87f8ec]" started-at="2026-02-07T02:43:27 IST" name="testLogin_EmptyUsername_EmptyPassword" finished-at="2026-02-07T02:43:28 IST" duration-ms="810" status="PASS">
          <reporter-output>
          </reporter-output>
        </test-method> <!-- testLogin_EmptyUsername_EmptyPassword -->
        <test-method is-config="true" signature="tearDown(org.testng.ITestResult)[pri:0, instance:test.LoginTest@a87f8ec]" started-at="2026-02-07T02:43:28 IST" name="tearDown" finished-at="2026-02-07T02:43:28 IST" duration-ms="246" status="PASS">
          <params>
            <param index="0">
              <value>
                <![CDATA[[TestResult name=testLogin_EmptyUsername_EmptyPassword status=SUCCESS method=LoginTest.testLogin_EmptyUsername_EmptyPassword()[pri:5, instance:test.LoginTest@a87f8ec] output={null}]]]>
              </value>
            </param>
          </params>
          <reporter-output>
          </reporter-output>
        </test-method> <!-- tearDown -->
        <test-method is-config="true" signature="tearDown(org.testng.ITestResult)[pri:0, instance:test.LoginTest@a87f8ec]" started-at="2026-02-07T02:43:28 IST" name="tearDown" finished-at="2026-02-07T02:43:29 IST" duration-ms="293" status="PASS">
          <params>
            <param index="0">
              <value>
                <![CDATA[[TestResult name=testLogin_InvalidUsername_InvalidPassword status=SUCCESS method=LoginTest.testLogin_InvalidUsername_InvalidPassword()[pri:4, instance:test.LoginTest@a87f8ec] output={null}]]]>
              </value>
            </param>
          </params>
          <reporter-output>
          </reporter-output>
        </test-method> <!-- tearDown -->
        <test-method is-config="true" signature="setup(org.testng.ITestResult)[pri:0, instance:test.LoginTest@a87f8ec]" started-at="2026-02-07T02:43:34 IST" name="setup" finished-at="2026-02-07T02:43:36 IST" duration-ms="1621" status="PASS">
          <params>
            <param index="0">
              <value>
                <![CDATA[[TestResult name={null} status=CREATED method=LoginTest.testLogin_EmptyUsername_ValidPassword(java.lang.String)[pri:6, instance:test.LoginTest@a87f8ec] output={null}]]]>
              </value>
            </param>
          </params>
          <reporter-output>
          </reporter-output>
        </test-method> <!-- setup -->
        <test-method is-config="true" signature="resetToLoginPage()[pri:0, instance:test.LoginTest@a87f8ec]" started-at="2026-02-07T02:43:36 IST" name="resetToLoginPage" finished-at="2026-02-07T02:43:43 IST" duration-ms="6712" status="PASS">
          <reporter-output>
          </reporter-output>
        </test-method> <!-- resetToLoginPage -->
        <test-method is-config="true" signature="setup(org.testng.ITestResult)[pri:0, instance:test.LoginTest@a87f8ec]" started-at="2026-02-07T02:43:41 IST" name="setup" finished-at="2026-02-07T02:43:43 IST" duration-ms="1266" status="PASS">
          <params>
            <param index="0">
              <value>
                <![CDATA[[TestResult name={null} status=CREATED method=LoginTest.testLogin_ValidUsername_EmptyPassword(java.lang.String)[pri:7, instance:test.LoginTest@a87f8ec] output={null}]]]>
              </value>
            </param>
          </params>
          <reporter-output>
          </reporter-output>
        </test-method> <!-- setup -->
        <test-method is-config="true" signature="resetToLoginPage()[pri:0, instance:test.LoginTest@a87f8ec]" started-at="2026-02-07T02:43:43 IST" name="resetToLoginPage" finished-at="2026-02-07T02:43:48 IST" duration-ms="5074" status="PASS">
          <reporter-output>
          </reporter-output>
        </test-method> <!-- resetToLoginPage -->
        <test-method signature="testLogin_EmptyUsername_ValidPassword(java.lang.String)[pri:6, instance:test.LoginTest@a87f8ec]" started-at="2026-02-07T02:43:43 IST" name="testLogin_EmptyUsername_ValidPassword" finished-at="2026-02-07T02:43:44 IST" duration-ms="1347" status="PASS">
          <params>
            <param index="0">
              <value>
                <![CDATA[admin123]]>
              </value>
            </param>
          </params>
          <reporter-output>
          </reporter-output>
        </test-method> <!-- testLogin_EmptyUsername_ValidPassword -->
        <test-method is-config="true" signature="tearDown(org.testng.ITestResult)[pri:0, instance:test.LoginTest@a87f8ec]" started-at="2026-02-07T02:43:44 IST" name="tearDown" finished-at="2026-02-07T02:43:44 IST" duration-ms="314" status="PASS">
          <params>
            <param index="0">
              <value>
                <![CDATA[[TestResult name=testLogin_EmptyUsername_ValidPassword status=SUCCESS method=LoginTest.testLogin_EmptyUsername_ValidPassword(java.lang.String)[pri:6, instance:test.LoginTest@a87f8ec] output={null}]]]>
              </value>
            </param>
          </params>
          <reporter-output>
          </reporter-output>
        </test-method> <!-- tearDown -->
        <test-method is-config="true" signature="setup(org.testng.ITestResult)[pri:0, instance:test.LoginTest@a87f8ec]" started-at="2026-02-07T02:43:47 IST" name="setup" finished-at="2026-02-07T02:43:49 IST" duration-ms="1176" status="PASS">
          <params>
            <param index="0">
              <value>
                <![CDATA[[TestResult name={null} status=CREATED method=LoginTest.testVerifyPasswordIsMasked()[pri:8, instance:test.LoginTest@a87f8ec] output={null}]]]>
              </value>
            </param>
          </params>
          <reporter-output>
          </reporter-output>
        </test-method> <!-- setup -->
        <test-method signature="testLogin_ValidUsername_EmptyPassword(java.lang.String)[pri:7, instance:test.LoginTest@a87f8ec]" started-at="2026-02-07T02:43:48 IST" name="testLogin_ValidUsername_EmptyPassword" finished-at="2026-02-07T02:43:49 IST" duration-ms="1360" status="PASS">
          <params>
            <param index="0">
              <value>
                <![CDATA[Admin]]>
              </value>
            </param>
          </params>
          <reporter-output>
          </reporter-output>
        </test-method> <!-- testLogin_ValidUsername_EmptyPassword -->
        <test-method is-config="true" signature="resetToLoginPage()[pri:0, instance:test.LoginTest@a87f8ec]" started-at="2026-02-07T02:43:49 IST" name="resetToLoginPage" finished-at="2026-02-07T02:43:50 IST" duration-ms="1063" status="PASS">
          <reporter-output>
          </reporter-output>
        </test-method> <!-- resetToLoginPage -->
        <test-method is-config="true" signature="tearDown(org.testng.ITestResult)[pri:0, instance:test.LoginTest@a87f8ec]" started-at="2026-02-07T02:43:49 IST" name="tearDown" finished-at="2026-02-07T02:43:49 IST" duration-ms="235" status="PASS">
          <params>
            <param index="0">
              <value>
                <![CDATA[[TestResult name=testLogin_ValidUsername_EmptyPassword status=SUCCESS method=LoginTest.testLogin_ValidUsername_EmptyPassword(java.lang.String)[pri:7, instance:test.LoginTest@a87f8ec] output={null}]]]>
              </value>
            </param>
          </params>
          <reporter-output>
          </reporter-output>
        </test-method> <!-- tearDown -->
        <test-method is-config="true" signature="setup(org.testng.ITestResult)[pri:0, instance:test.LoginTest@a87f8ec]" started-at="2026-02-07T02:43:49 IST" name="setup" finished-at="2026-02-07T02:43:50 IST" duration-ms="1027" status="PASS">
          <params>
            <param index="0">
              <value>
                <![CDATA[[TestResult name={null} status=CREATED method=LoginTest.testForgotPasswordLinkWorks()[pri:9, instance:test.LoginTest@a87f8ec] output={null}]]]>
              </value>
            </param>
          </params>
          <reporter-output>
          </reporter-output>
        </test-method> <!-- setup -->
        <test-method signature="testVerifyPasswordIsMasked()[pri:8, instance:test.LoginTest@a87f8ec]" started-at="2026-02-07T02:43:50 IST" name="testVerifyPasswordIsMasked" finished-at="2026-02-07T02:43:54 IST" duration-ms="4597" status="PASS">
          <reporter-output>
          </reporter-output>
        </test-method> <!-- testVerifyPasswordIsMasked -->
        <test-method is-config="true" signature="resetToLoginPage()[pri:0, instance:test.LoginTest@a87f8ec]" started-at="2026-02-07T02:43:50 IST" name="resetToLoginPage" finished-at="2026-02-07T02:44:02 IST" duration-ms="11477" status="PASS">
          <reporter-output>
          </reporter-output>
        </test-method> <!-- resetToLoginPage -->
        <test-method is-config="true" signature="tearDown(org.testng.ITestResult)[pri:0, instance:test.LoginTest@a87f8ec]" started-at="2026-02-07T02:43:54 IST" name="tearDown" finished-at="2026-02-07T02:43:55 IST" duration-ms="292" status="PASS">
          <params>
            <param index="0">
              <value>
                <![CDATA[[TestResult name=testVerifyPasswordIsMasked status=SUCCESS method=LoginTest.testVerifyPasswordIsMasked()[pri:8, instance:test.LoginTest@a87f8ec] output={null}]]]>
              </value>
            </param>
          </params>
          <reporter-output>
          </reporter-output>
        </test-method> <!-- tearDown -->
        <test-method is-config="true" signature="setup(org.testng.ITestResult)[pri:0, instance:test.LoginTest@a87f8ec]" started-at="2026-02-07T02:43:55 IST" name="setup" finished-at="2026-02-07T02:43:56 IST" duration-ms="1186" status="PASS">
          <params>
            <param index="0">
              <value>
                <![CDATA[[TestResult name={null} status=CREATED method=LoginTest.testLoginUsingEnterKey(java.lang.String,java.lang.String)[pri:10, instance:test.LoginTest@a87f8ec] output={null}]]]>
              </value>
            </param>
          </params>
          <reporter-output>
          </reporter-output>
        </test-method> <!-- setup -->
        <test-method is-config="true" signature="resetToLoginPage()[pri:0, instance:test.LoginTest@a87f8ec]" started-at="2026-02-07T02:43:56 IST" name="resetToLoginPage" finished-at="2026-02-07T02:44:06 IST" duration-ms="10116" status="PASS">
          <reporter-output>
          </reporter-output>
        </test-method> <!-- resetToLoginPage -->
        <test-method is-config="true" signature="setup(org.testng.ITestResult)[pri:0, instance:test.LoginTest@a87f8ec]" started-at="2026-02-07T02:43:59 IST" name="setup" finished-at="2026-02-07T02:44:00 IST" duration-ms="1121" status="PASS">
          <params>
            <param index="0">
              <value>
                <![CDATA[[TestResult name={null} status=CREATED method=LoginTest.testRefreshKeepsUserOnLoginPage(java.lang.String,java.lang.String)[pri:11, instance:test.LoginTest@a87f8ec] output={null}]]]>
              </value>
            </param>
          </params>
          <reporter-output>
          </reporter-output>
        </test-method> <!-- setup -->
        <test-method is-config="true" signature="resetToLoginPage()[pri:0, instance:test.LoginTest@a87f8ec]" started-at="2026-02-07T02:44:00 IST" name="resetToLoginPage" finished-at="2026-02-07T02:44:07 IST" duration-ms="6290" status="PASS">
          <reporter-output>
          </reporter-output>
        </test-method> <!-- resetToLoginPage -->
        <test-method signature="testForgotPasswordLinkWorks()[pri:9, instance:test.LoginTest@a87f8ec]" started-at="2026-02-07T02:44:02 IST" name="testForgotPasswordLinkWorks" finished-at="2026-02-07T02:44:04 IST" duration-ms="2178" status="PASS">
          <reporter-output>
          </reporter-output>
        </test-method> <!-- testForgotPasswordLinkWorks -->
        <test-method is-config="true" signature="tearDown(org.testng.ITestResult)[pri:0, instance:test.LoginTest@a87f8ec]" started-at="2026-02-07T02:44:04 IST" name="tearDown" finished-at="2026-02-07T02:44:04 IST" duration-ms="176" status="PASS">
          <params>
            <param index="0">
              <value>
                <![CDATA[[TestResult name=testForgotPasswordLinkWorks status=SUCCESS method=LoginTest.testForgotPasswordLinkWorks()[pri:9, instance:test.LoginTest@a87f8ec] output={null}]]]>
              </value>
            </param>
          </params>
          <reporter-output>
          </reporter-output>
        </test-method> <!-- tearDown -->
        <test-method signature="testLoginUsingEnterKey(java.lang.String,java.lang.String)[pri:10, instance:test.LoginTest@a87f8ec]" started-at="2026-02-07T02:44:06 IST" name="testLoginUsingEnterKey" finished-at="2026-02-07T02:44:09 IST" duration-ms="3076" status="PASS">
          <params>
            <param index="0">
              <value>
                <![CDATA[Admin]]>
              </value>
            </param>
            <param index="1">
              <value>
                <![CDATA[admin123]]>
              </value>
            </param>
          </params>
          <reporter-output>
          </reporter-output>
        </test-method> <!-- testLoginUsingEnterKey -->
        <test-method signature="testRefreshKeepsUserOnLoginPage(java.lang.String,java.lang.String)[pri:11, instance:test.LoginTest@a87f8ec]" started-at="2026-02-07T02:44:07 IST" name="testRefreshKeepsUserOnLoginPage" finished-at="2026-02-07T02:44:09 IST" duration-ms="2329" status="PASS">
          <params>
            <param index="0">
              <value>
                <![CDATA[Admin]]>
              </value>
            </param>
            <param index="1">
              <value>
                <![CDATA[admin123]]>
              </value>
            </param>
          </params>
          <reporter-output>
          </reporter-output>
        </test-method> <!-- testRefreshKeepsUserOnLoginPage -->
        <test-method is-config="true" signature="tearDown(org.testng.ITestResult)[pri:0, instance:test.LoginTest@a87f8ec]" started-at="2026-02-07T02:44:09 IST" name="tearDown" finished-at="2026-02-07T02:44:09 IST" duration-ms="211" status="PASS">
          <params>
            <param index="0">
              <value>
                <![CDATA[[TestResult name=testRefreshKeepsUserOnLoginPage status=SUCCESS method=LoginTest.testRefreshKeepsUserOnLoginPage(java.lang.String,java.lang.String)[pri:11, instance:test.LoginTest@a87f8ec] output={null}]]]>
              </value>
            </param>
          </params>
          <reporter-output>
          </reporter-output>
        </test-method> <!-- tearDown -->
        <test-method is-config="true" signature="tearDown(org.testng.ITestResult)[pri:0, instance:test.LoginTest@a87f8ec]" started-at="2026-02-07T02:44:09 IST" name="tearDown" finished-at="2026-02-07T02:44:09 IST" duration-ms="171" status="PASS">
          <params>
            <param index="0">
              <value>
                <![CDATA[[TestResult name=testLoginUsingEnterKey status=SUCCESS method=LoginTest.testLoginUsingEnterKey(java.lang.String,java.lang.String)[pri:10, instance:test.LoginTest@a87f8ec] output={null}]]]>
              </value>
            </param>
          </params>
          <reporter-output>
          </reporter-output>
        </test-method> <!-- tearDown -->
        <test-method is-config="true" signature="tearDownReport()[pri:0, instance:test.LoginTest@a87f8ec]" started-at="2026-02-07T02:44:09 IST" name="tearDownReport" finished-at="2026-02-07T02:44:09 IST" duration-ms="282" status="PASS">
          <reporter-output>
          </reporter-output>
        </test-method> <!-- tearDownReport -->
      </class> <!-- test.LoginTest -->
      <class name="test.ResetPasswordTest">
        <test-method is-config="true" signature="setup(org.testng.ITestResult)[pri:0, instance:test.ResetPasswordTest@388526fb]" started-at="2026-02-07T02:42:32 IST" name="setup" finished-at="2026-02-07T02:42:34 IST" duration-ms="2244" status="PASS">
          <params>
            <param index="0">
              <value>
                <![CDATA[[TestResult name={null} status=CREATED method=ResetPasswordTest.testResetPasswordWithEmptyUsername()[pri:1, instance:test.ResetPasswordTest@388526fb] output={null}]]]>
              </value>
            </param>
          </params>
          <reporter-output>
          </reporter-output>
        </test-method> <!-- setup -->
        <test-method signature="testResetPasswordWithEmptyUsername()[pri:1, instance:test.ResetPasswordTest@388526fb]" started-at="2026-02-07T02:42:34 IST" name="testResetPasswordWithEmptyUsername" finished-at="2026-02-07T02:42:48 IST" duration-ms="13745" status="PASS">
          <reporter-output>
          </reporter-output>
        </test-method> <!-- testResetPasswordWithEmptyUsername -->
        <test-method is-config="true" signature="setup(org.testng.ITestResult)[pri:0, instance:test.ResetPasswordTest@388526fb]" started-at="2026-02-07T02:42:43 IST" name="setup" finished-at="2026-02-07T02:42:44 IST" duration-ms="885" status="PASS">
          <params>
            <param index="0">
              <value>
                <![CDATA[[TestResult name={null} status=CREATED method=ResetPasswordTest.testCancelButtonRedirectsToLogin()[pri:2, instance:test.ResetPasswordTest@388526fb] output={null}]]]>
              </value>
            </param>
          </params>
          <reporter-output>
          </reporter-output>
        </test-method> <!-- setup -->
        <test-method signature="testCancelButtonRedirectsToLogin()[pri:2, instance:test.ResetPasswordTest@388526fb]" started-at="2026-02-07T02:42:44 IST" name="testCancelButtonRedirectsToLogin" finished-at="2026-02-07T02:42:51 IST" duration-ms="7059" status="PASS">
          <reporter-output>
          </reporter-output>
        </test-method> <!-- testCancelButtonRedirectsToLogin -->
        <test-method is-config="true" signature="tearDown(org.testng.ITestResult)[pri:0, instance:test.ResetPasswordTest@388526fb]" started-at="2026-02-07T02:42:48 IST" name="tearDown" finished-at="2026-02-07T02:42:48 IST" duration-ms="171" status="PASS">
          <params>
            <param index="0">
              <value>
                <![CDATA[[TestResult name=testResetPasswordWithEmptyUsername status=SUCCESS method=ResetPasswordTest.testResetPasswordWithEmptyUsername()[pri:1, instance:test.ResetPasswordTest@388526fb] output={null}]]]>
              </value>
            </param>
          </params>
          <reporter-output>
          </reporter-output>
        </test-method> <!-- tearDown -->
        <test-method is-config="true" signature="tearDown(org.testng.ITestResult)[pri:0, instance:test.ResetPasswordTest@388526fb]" started-at="2026-02-07T02:42:51 IST" name="tearDown" finished-at="2026-02-07T02:42:51 IST" duration-ms="219" status="PASS">
          <params>
            <param index="0">
              <value>
                <![CDATA[[TestResult name=testCancelButtonRedirectsToLogin status=SUCCESS method=ResetPasswordTest.testCancelButtonRedirectsToLogin()[pri:2, instance:test.ResetPasswordTest@388526fb] output={null}]]]>
              </value>
            </param>
          </params>
          <reporter-output>
          </reporter-output>
        </test-method> <!-- tearDown -->
        <test-method is-config="true" signature="setup(org.testng.ITestResult)[pri:0, instance:test.ResetPasswordTest@388526fb]" started-at="2026-02-07T02:43:02 IST" name="setup" finished-at="2026-02-07T02:43:03 IST" duration-ms="936" status="PASS">
          <params>
            <param index="0">
              <value>
                <![CDATA[[TestResult name={null} status=CREATED method=ResetPasswordTest.testRefreshResetsUsernameField()[pri:3, instance:test.ResetPasswordTest@388526fb] output={null}]]]>
              </value>
            </param>
          </params>
          <reporter-output>
          </reporter-output>
        </test-method> <!-- setup -->
        <test-method signature="testRefreshResetsUsernameField()[pri:3, instance:test.ResetPasswordTest@388526fb]" started-at="2026-02-07T02:43:03 IST" name="testRefreshResetsUsernameField" finished-at="2026-02-07T02:43:10 IST" duration-ms="7296" status="PASS">
          <reporter-output>
          </reporter-output>
        </test-method> <!-- testRefreshResetsUsernameField -->
        <test-method is-config="true" signature="tearDown(org.testng.ITestResult)[pri:0, instance:test.ResetPasswordTest@388526fb]" started-at="2026-02-07T02:43:10 IST" name="tearDown" finished-at="2026-02-07T02:43:10 IST" duration-ms="277" status="PASS">
          <params>
            <param index="0">
              <value>
                <![CDATA[[TestResult name=testRefreshResetsUsernameField status=SUCCESS method=ResetPasswordTest.testRefreshResetsUsernameField()[pri:3, instance:test.ResetPasswordTest@388526fb] output={null}]]]>
              </value>
            </param>
          </params>
          <reporter-output>
          </reporter-output>
        </test-method> <!-- tearDown -->
        <test-method is-config="true" signature="setup(org.testng.ITestResult)[pri:0, instance:test.ResetPasswordTest@388526fb]" started-at="2026-02-07T02:43:11 IST" name="setup" finished-at="2026-02-07T02:43:13 IST" duration-ms="1820" status="PASS">
          <params>
            <param index="0">
              <value>
                <![CDATA[[TestResult name={null} status=CREATED method=ResetPasswordTest.testDirectAccessToResetPageWithoutLogin()[pri:4, instance:test.ResetPasswordTest@388526fb] output={null}]]]>
              </value>
            </param>
          </params>
          <reporter-output>
          </reporter-output>
        </test-method> <!-- setup -->
        <test-method signature="testDirectAccessToResetPageWithoutLogin()[pri:4, instance:test.ResetPasswordTest@388526fb]" started-at="2026-02-07T02:43:13 IST" name="testDirectAccessToResetPageWithoutLogin" finished-at="2026-02-07T02:43:21 IST" duration-ms="8567" status="PASS">
          <reporter-output>
          </reporter-output>
        </test-method> <!-- testDirectAccessToResetPageWithoutLogin -->
        <test-method is-config="true" signature="tearDown(org.testng.ITestResult)[pri:0, instance:test.ResetPasswordTest@388526fb]" started-at="2026-02-07T02:43:21 IST" name="tearDown" finished-at="2026-02-07T02:43:21 IST" duration-ms="206" status="PASS">
          <params>
            <param index="0">
              <value>
                <![CDATA[[TestResult name=testDirectAccessToResetPageWithoutLogin status=SUCCESS method=ResetPasswordTest.testDirectAccessToResetPageWithoutLogin()[pri:4, instance:test.ResetPasswordTest@388526fb] output={null}]]]>
              </value>
            </param>
          </params>
          <reporter-output>
          </reporter-output>
        </test-method> <!-- tearDown -->
        <test-method is-config="true" signature="setup(org.testng.ITestResult)[pri:0, instance:test.ResetPasswordTest@388526fb]" started-at="2026-02-07T02:43:25 IST" name="setup" finished-at="2026-02-07T02:43:26 IST" duration-ms="1125" status="PASS">
          <params>
            <param index="0">
              <value>
                <![CDATA[[TestResult name={null} status=CREATED method=ResetPasswordTest.testResetPasswordRedirectsToConfirmationPage()[pri:5, instance:test.ResetPasswordTest@388526fb] output={null}]]]>
              </value>
            </param>
          </params>
          <reporter-output>
          </reporter-output>
        </test-method> <!-- setup -->
        <test-method signature="testResetPasswordRedirectsToConfirmationPage()[pri:5, instance:test.ResetPasswordTest@388526fb]" started-at="2026-02-07T02:43:26 IST" name="testResetPasswordRedirectsToConfirmationPage" finished-at="2026-02-07T02:43:34 IST" duration-ms="8401" status="PASS">
          <reporter-output>
          </reporter-output>
        </test-method> <!-- testResetPasswordRedirectsToConfirmationPage -->
        <test-method is-config="true" signature="tearDown(org.testng.ITestResult)[pri:0, instance:test.ResetPasswordTest@388526fb]" started-at="2026-02-07T02:43:34 IST" name="tearDown" finished-at="2026-02-07T02:43:34 IST" duration-ms="255" status="PASS">
          <params>
            <param index="0">
              <value>
                <![CDATA[[TestResult name=testResetPasswordRedirectsToConfirmationPage status=SUCCESS method=ResetPasswordTest.testResetPasswordRedirectsToConfirmationPage()[pri:5, instance:test.ResetPasswordTest@388526fb] output={null}]]]>
              </value>
            </param>
          </params>
          <reporter-output>
          </reporter-output>
        </test-method> <!-- tearDown -->
      </class> <!-- test.ResetPasswordTest -->
    </test> <!-- LoginTests -->
  </suite> <!-- TestSuite -->
</testng-results>
