<?xml version="1.0" encoding="UTF-8"?>
<!-- Generated by org.testng.reporters.JUnitReportReporter -->
<testsuite hostname="LAPTOP-RINO93FS" failures="0" tests="7" name="test.DashboardTest" time="153.326" errors="0" timestamp="2026-02-10T01:29:39 IST" skipped="0">
  <testcase classname="test.DashboardTest" name="testSearchNavigation" time="20.509"/>
  <testcase classname="test.DashboardTest" name="testProfileDropdownOptions" time="12.467"/>
  <testcase classname="test.DashboardTest" name="testLogoutFunctionality" time="19.583"/>
  <testcase classname="test.DashboardTest" name="testChangePasswordNavigation" time="20.746"/>
  <testcase classname="test.DashboardTest" name="testSupportOptionNavigation" time="26.535"/>
  <testcase classname="test.DashboardTest" name="testBackButtonAfterLogout" time="25.801"/>
  <testcase classname="test.DashboardTest" name="testRefreshKeepsUserLoggedIn" time="27.685"/>
</testsuite> <!-- test.DashboardTest -->
