<?xml version="1.0" encoding="UTF-8"?>
<!-- Generated by org.testng.reporters.JUnitReportReporter -->
<testsuite hostname="LAPTOP-RINO93FS" failures="0" tests="11" name="test.LoginTest" time="133.117" errors="0" timestamp="2026-02-10T01:29:39 IST" skipped="0">
  <testcase classname="test.LoginTest" name="testValidLogin_XMLParameters" time="9.896"/>
  <testcase classname="test.LoginTest" name="testLogin_InvalidUsername_ValidPassword" time="10.864"/>
  <testcase classname="test.LoginTest" name="testLogin_ValidUsername_InvalidPassword" time="15.572"/>
  <testcase classname="test.LoginTest" name="testLogin_InvalidUsername_InvalidPassword" time="19.507"/>
  <testcase classname="test.LoginTest" name="testLogin_EmptyUsername_EmptyPassword" time="8.567"/>
  <testcase classname="test.LoginTest" name="testLogin_EmptyUsername_ValidPassword" time="12.004"/>
  <testcase classname="test.LoginTest" name="testLogin_ValidUsername_EmptyPassword" time="9.202"/>
  <testcase classname="test.LoginTest" name="testVerifyPasswordIsMasked" time="11.932"/>
  <testcase classname="test.LoginTest" name="testForgotPasswordLinkWorks" time="15.241"/>
  <testcase classname="test.LoginTest" name="testLoginUsingEnterKey" time="10.490"/>
  <testcase classname="test.LoginTest" name="testRefreshKeepsUserOnLoginPage" time="9.842"/>
</testsuite> <!-- test.LoginTest -->
