<?xml version="1.0" encoding="UTF-8"?>
<!-- Generated by org.testng.reporters.JUnitReportReporter -->
<testsuite hostname="LAPTOP-RINO93FS" failures="0" tests="7" name="test.DashboardTest" time="105.458" errors="0" timestamp="2026-02-07T02:44:10 IST" skipped="0">
  <testcase classname="test.DashboardTest" name="testSearchNavigation" time="20.782"/>
  <testcase classname="test.DashboardTest" name="testProfileDropdownOptions" time="10.731"/>
  <testcase classname="test.DashboardTest" name="testLogoutFunctionality" time="13.314"/>
  <testcase classname="test.DashboardTest" name="testChangePasswordNavigation" time="14.989"/>
  <testcase classname="test.DashboardTest" name="testSupportOptionNavigation" time="12.779"/>
  <testcase classname="test.DashboardTest" name="testBackButtonAfterLogout" time="18.113"/>
  <testcase classname="test.DashboardTest" name="testRefreshKeepsUserLoggedIn" time="14.750"/>
</testsuite> <!-- test.DashboardTest -->
