<?xml version="1.0" encoding="UTF-8"?>
<!-- Generated by org.testng.reporters.JUnitReportReporter -->
<testsuite hostname="LAPTOP-RINO93FS" failures="0" tests="11" name="test.LoginTest" time="128.685" errors="0" timestamp="2026-02-07T02:44:10 IST" skipped="0">
  <testcase classname="test.LoginTest" name="testValidLogin_XMLParameters" time="15.871"/>
  <testcase classname="test.LoginTest" name="testLogin_InvalidUsername_ValidPassword" time="11.374"/>
  <testcase classname="test.LoginTest" name="testLogin_ValidUsername_InvalidPassword" time="11.742"/>
  <testcase classname="test.LoginTest" name="testLogin_InvalidUsername_InvalidPassword" time="19.834"/>
  <testcase classname="test.LoginTest" name="testLogin_EmptyUsername_EmptyPassword" time="9.081"/>
  <testcase classname="test.LoginTest" name="testLogin_EmptyUsername_ValidPassword" time="7.330"/>
  <testcase classname="test.LoginTest" name="testLogin_ValidUsername_EmptyPassword" time="3.779"/>
  <testcase classname="test.LoginTest" name="testVerifyPasswordIsMasked" time="11.091"/>
  <testcase classname="test.LoginTest" name="testForgotPasswordLinkWorks" time="14.209"/>
  <testcase classname="test.LoginTest" name="testLoginUsingEnterKey" time="14.476"/>
  <testcase classname="test.LoginTest" name="testRefreshKeepsUserOnLoginPage" time="9.898"/>
</testsuite> <!-- test.LoginTest -->
