<?xml version="1.0" encoding="UTF-8"?>
<!-- Generated by org.testng.reporters.JUnitReportReporter -->
<testsuite hostname="LAPTOP-RINO93FS" failures="0" tests="5" name="test.ResetPasswordTest" time="53.206" errors="0" timestamp="2026-02-07T02:44:10 IST" skipped="0">
  <testcase classname="test.ResetPasswordTest" name="testResetPasswordWithEmptyUsername" time="14.887"/>
  <testcase classname="test.ResetPasswordTest" name="testCancelButtonRedirectsToLogin" time="9.558"/>
  <testcase classname="test.ResetPasswordTest" name="testRefreshResetsUsernameField" time="8.592"/>
  <testcase classname="test.ResetPasswordTest" name="testDirectAccessToResetPageWithoutLogin" time="9.671"/>
  <testcase classname="test.ResetPasswordTest" name="testResetPasswordRedirectsToConfirmationPage" time="10.498"/>
</testsuite> <!-- test.ResetPasswordTest -->
