<?xml version="1.0" encoding="UTF-8"?>
<!-- Generated by org.testng.reporters.JUnitReportReporter -->
<testsuite hostname="LAPTOP-RINO93FS" failures="0" tests="5" name="test.ResetPasswordTest" time="52.702" errors="0" timestamp="2026-02-10T01:29:39 IST" skipped="0">
  <testcase classname="test.ResetPasswordTest" name="testResetPasswordWithEmptyUsername" time="11.494"/>
  <testcase classname="test.ResetPasswordTest" name="testCancelButtonRedirectsToLogin" time="12.890"/>
  <testcase classname="test.ResetPasswordTest" name="testRefreshResetsUsernameField" time="9.100"/>
  <testcase classname="test.ResetPasswordTest" name="testDirectAccessToResetPageWithoutLogin" time="9.461"/>
  <testcase classname="test.ResetPasswordTest" name="testResetPasswordRedirectsToConfirmationPage" time="9.757"/>
</testsuite> <!-- test.ResetPasswordTest -->
