<?xml version="1.0" encoding="UTF-8"?>
<!-- Generated by org.testng.reporters.JUnitXMLReporter -->
<testsuite ignored="0" hostname="LAPTOP-RINO93FS" failures="1" tests="5" name="DashboardFunctionalTests" time="48.764" errors="0" timestamp="2026-02-06T03:34:23 IST">
  <testcase classname="test.DashboardFunctionalTest" name="testChangePasswordNavigation" time="10.359">
    <failure type="java.lang.RuntimeException" message="Could not click Change Password">
      <![CDATA[java.lang.RuntimeException: Could not click Change Password
at pages.DashboardPage.clickChangePassword(DashboardPage.java:188)
at test.DashboardFunctionalTest.testChangePasswordNavigation(DashboardFunctionalTest.java:59)
at java.base/java.util.ArrayList.forEach(ArrayList.java:1511)
at java.base/java.util.concurrent.FutureTask.run(FutureTask.java:264)
at java.base/java.util.concurrent.ThreadPoolExecutor.runWorker(ThreadPoolExecutor.java:1130)
at java.base/java.util.concurrent.ThreadPoolExecutor$Worker.run(ThreadPoolExecutor.java:630)
at java.base/java.lang.Thread.run(Thread.java:831)
Caused by: java.lang.RuntimeException: Could not open profile dropdown
at pages.DashboardPage.openProfileDropdown(DashboardPage.java:131)
at pages.DashboardPage.clickChangePassword(DashboardPage.java:183)
... 23 more
Caused by: org.openqa.selenium.TimeoutException: Expected condition failed: waiting for visibility of [[ChromeDriver: chrome on windows (11166dfec22fa27e90d3c91515b5d39d)] -> xpath: //p[contains(@class,'oxd-userdropdown-name')]]
(tried for 10 seconds with 500 milliseconds interval)
Build info: version: '4.40.0', revision: 'b3333f1'
System info: os.name: 'Windows 10', os.arch: 'amd64', os.version: '10.0', java.version: '16.0.1'
Driver info: org.openqa.selenium.chrome.ChromeDriver
Capabilities {acceptInsecureCerts: false, browserName: chrome, browserVersion: 144.0.7559.110, chrome: {chromedriverVersion: 144.0.7559.133 (7da823b1d59..., userDataDir: C:\Users\DHRUVG~1\AppData\L...}, fedcm:accounts: true, goog:chromeOptions: {debuggerAddress: localhost:52907}, goog:processID: 27512, networkConnectionEnabled: false, pageLoadStrategy: normal, platformName: windows, proxy: Proxy(), se:cdp: ws://localhost:52907/devtoo..., se:cdpVersion: 144.0.7559.110, setWindowRect: true, strictFileInteractability: false, timeouts: {implicit: 0, pageLoad: 300000, script: 30000}, unhandledPromptBehavior: dismiss and notify, webauthn:extension:credBlob: true, webauthn:extension:largeBlob: true, webauthn:extension:minPinLength: true, webauthn:extension:prf: true, webauthn:virtualAuthenticators: true}
Session ID: 11166dfec22fa27e90d3c91515b5d39d
at org.openqa.selenium.support.ui.WebDriverWait.timeoutException(WebDriverWait.java:84)
at org.openqa.selenium.support.ui.FluentWait.until(FluentWait.java:231)
at pages.DashboardPage.openProfileDropdown(DashboardPage.java:117)
... 24 more
... Removed 17 stack frames]]>
    </failure>
  </testcase> <!-- testChangePasswordNavigation -->
  <testcase classname="test.DashboardFunctionalTest" name="testProfileDropdownOptions" time="0.0">
    <skipped/>
  </testcase> <!-- testProfileDropdownOptions -->
  <testcase classname="test.DashboardFunctionalTest" name="testRefreshKeepsUserLoggedIn" time="0.0">
    <skipped/>
  </testcase> <!-- testRefreshKeepsUserLoggedIn -->
  <testcase classname="test.DashboardFunctionalTest" name="testSearchNavigation" time="0.0">
    <skipped/>
  </testcase> <!-- testSearchNavigation -->
  <testcase classname="test.DashboardFunctionalTest" name="testSupportOptionNavigation" time="0.0">
    <skipped/>
  </testcase> <!-- testSupportOptionNavigation -->
</testsuite> <!-- DashboardFunctionalTests -->
