<?xml version="1.0" encoding="UTF-8"?>
<!-- Generated by org.testng.reporters.JUnitXMLReporter -->
<testsuite ignored="0" hostname="LAPTOP-RINO93FS" failures="0" tests="7" name="DashboardTests" time="2.384" errors="0" timestamp="2026-02-06T05:32:16 IST">
  <testcase classname="test.DashboardTest" name="testSearchNavigation" time="0.001">
    <skipped/>
  </testcase> <!-- testSearchNavigation -->
  <testcase classname="test.DashboardTest" name="testProfileDropdownOptions" time="0.001">
    <skipped/>
  </testcase> <!-- testProfileDropdownOptions -->
  <testcase classname="test.DashboardTest" name="testLogoutFunctionality" time="0.0">
    <skipped/>
  </testcase> <!-- testLogoutFunctionality -->
  <testcase classname="test.DashboardTest" name="testChangePasswordNavigation" time="0.0">
    <skipped/>
  </testcase> <!-- testChangePasswordNavigation -->
  <testcase classname="test.DashboardTest" name="testSupportOptionNavigation" time="0.0">
    <skipped/>
  </testcase> <!-- testSupportOptionNavigation -->
  <testcase classname="test.DashboardTest" name="testBackButtonAfterLogout" time="0.0">
    <skipped/>
  </testcase> <!-- testBackButtonAfterLogout -->
  <testcase classname="test.DashboardTest" name="testRefreshKeepsUserLoggedIn" time="0.0">
    <skipped/>
  </testcase> <!-- testRefreshKeepsUserLoggedIn -->
</testsuite> <!-- DashboardTests -->
