<?xml version="1.0" encoding="UTF-8"?>
<!-- Generated by org.testng.reporters.JUnitXMLReporter -->
<testsuite ignored="4" hostname="LAPTOP-RINO93FS" failures="0" tests="23" name="LoginTests" time="115.205" errors="0" timestamp="2026-02-10T01:29:39 IST">
  <testcase classname="test.ResetPasswordTest" name="testResetPasswordWithEmptyUsername" time="9.312"/>
  <testcase classname="test.LoginTest" name="testValidLogin_XMLParameters" time="3.135"/>
  <testcase classname="test.DashboardTest" name="testSearchNavigation" time="18.95"/>
  <testcase classname="test.ResetPasswordTest" name="testCancelButtonRedirectsToLogin" time="11.668"/>
  <testcase classname="test.LoginTest" name="testLogin_InvalidUsername_ValidPassword" time="3.659"/>
  <testcase classname="test.DashboardTest" name="testProfileDropdownOptions" time="11.415"/>
  <testcase classname="test.LoginTest" name="testLogin_ValidUsername_InvalidPassword" time="3.606"/>
  <testcase classname="test.ResetPasswordTest" name="testRefreshResetsUsernameField" time="8.138"/>
  <testcase classname="test.DashboardTest" name="testLogoutFunctionality" time="18.41"/>
  <testcase classname="test.ResetPasswordTest" name="testDirectAccessToResetPageWithoutLogin" time="8.408"/>
  <testcase classname="test.DashboardTest" name="testChangePasswordNavigation" time="19.24"/>
  <testcase classname="test.LoginTest" name="testLogin_InvalidUsername_InvalidPassword" time="4.339"/>
  <testcase classname="test.LoginTest" name="testLogin_EmptyUsername_EmptyPassword" time="2.035"/>
  <testcase classname="test.ResetPasswordTest" name="testResetPasswordRedirectsToConfirmationPage" time="8.519"/>
  <testcase classname="test.LoginTest" name="testLogin_EmptyUsername_ValidPassword" time="1.836"/>
  <testcase classname="test.DashboardTest" name="testSupportOptionNavigation" time="24.282"/>
  <testcase classname="test.DashboardTest" name="testBackButtonAfterLogout" time="24.808"/>
  <testcase classname="test.LoginTest" name="testLogin_ValidUsername_EmptyPassword" time="2.356"/>
  <testcase classname="test.LoginTest" name="testVerifyPasswordIsMasked" time="2.292"/>
  <testcase classname="test.LoginTest" name="testForgotPasswordLinkWorks" time="2.556"/>
  <testcase classname="test.DashboardTest" name="testRefreshKeepsUserLoggedIn" time="26.195"/>
  <testcase classname="test.LoginTest" name="testLoginUsingEnterKey" time="3.55"/>
  <testcase classname="test.LoginTest" name="testRefreshKeepsUserOnLoginPage" time="2.611"/>
  <testcase classname="base.BaseTest" name="@BeforeSuite setupReport" time="0.0">
    <ignored/>
  </testcase> <!-- @BeforeSuite setupReport -->
  <testcase classname="base.BaseTest" name="@AfterSuite tearDownReport" time="0.0">
    <ignored/>
  </testcase> <!-- @AfterSuite tearDownReport -->
  <testcase classname="base.BaseTest" name="@AfterSuite tearDownReport" time="0.0">
    <ignored/>
  </testcase> <!-- @AfterSuite tearDownReport -->
  <testcase classname="base.BaseTest" name="@BeforeSuite setupReport" time="0.0">
    <ignored/>
  </testcase> <!-- @BeforeSuite setupReport -->
</testsuite> <!-- LoginTests -->
