<?xml version="1.0" encoding="UTF-8"?>
<!-- Generated by org.testng.reporters.JUnitXMLReporter -->
<testsuite ignored="4" hostname="LAPTOP-RINO93FS" failures="0" tests="23" name="LoginTests" time="97.544" errors="0" timestamp="2026-02-07T02:44:09 IST">
  <testcase classname="test.LoginTest" name="testValidLogin_XMLParameters" time="2.976"/>
  <testcase classname="test.ResetPasswordTest" name="testResetPasswordWithEmptyUsername" time="13.745"/>
  <testcase classname="test.ResetPasswordTest" name="testCancelButtonRedirectsToLogin" time="7.059"/>
  <testcase classname="test.DashboardTest" name="testSearchNavigation" time="18.373"/>
  <testcase classname="test.LoginTest" name="testLogin_InvalidUsername_ValidPassword" time="3.002"/>
  <testcase classname="test.DashboardTest" name="testProfileDropdownOptions" time="9.501"/>
  <testcase classname="test.ResetPasswordTest" name="testRefreshResetsUsernameField" time="7.296"/>
  <testcase classname="test.DashboardTest" name="testLogoutFunctionality" time="11.878"/>
  <testcase classname="test.LoginTest" name="testLogin_ValidUsername_InvalidPassword" time="3.844"/>
  <testcase classname="test.ResetPasswordTest" name="testDirectAccessToResetPageWithoutLogin" time="8.567"/>
  <testcase classname="test.DashboardTest" name="testChangePasswordNavigation" time="12.895"/>
  <testcase classname="test.LoginTest" name="testLogin_EmptyUsername_EmptyPassword" time="0.81"/>
  <testcase classname="test.LoginTest" name="testLogin_InvalidUsername_InvalidPassword" time="3.397"/>
  <testcase classname="test.ResetPasswordTest" name="testResetPasswordRedirectsToConfirmationPage" time="8.401"/>
  <testcase classname="test.DashboardTest" name="testSupportOptionNavigation" time="10.829"/>
  <testcase classname="test.LoginTest" name="testLogin_EmptyUsername_ValidPassword" time="1.347"/>
  <testcase classname="test.DashboardTest" name="testBackButtonAfterLogout" time="16.863"/>
  <testcase classname="test.LoginTest" name="testLogin_ValidUsername_EmptyPassword" time="1.36"/>
  <testcase classname="test.LoginTest" name="testVerifyPasswordIsMasked" time="4.597"/>
  <testcase classname="test.DashboardTest" name="testRefreshKeepsUserLoggedIn" time="13.16"/>
  <testcase classname="test.LoginTest" name="testForgotPasswordLinkWorks" time="2.178"/>
  <testcase classname="test.LoginTest" name="testRefreshKeepsUserOnLoginPage" time="2.329"/>
  <testcase classname="test.LoginTest" name="testLoginUsingEnterKey" time="3.076"/>
  <testcase classname="base.BaseTest" name="@AfterSuite tearDownReport" time="0.0">
    <ignored/>
  </testcase> <!-- @AfterSuite tearDownReport -->
  <testcase classname="base.BaseTest" name="@AfterSuite tearDownReport" time="0.0">
    <ignored/>
  </testcase> <!-- @AfterSuite tearDownReport -->
  <testcase classname="base.BaseTest" name="@BeforeSuite setupReport" time="0.0">
    <ignored/>
  </testcase> <!-- @BeforeSuite setupReport -->
  <testcase classname="base.BaseTest" name="@BeforeSuite setupReport" time="0.0">
    <ignored/>
  </testcase> <!-- @BeforeSuite setupReport -->
</testsuite> <!-- LoginTests -->
